2026-03-01 13:26:12,221 - INFO - 
🚀🚀🚀🚀🚀🚀🚀🚀🚀🚀🚀🚀🚀🚀🚀🚀🚀🚀🚀🚀🚀🚀🚀🚀🚀
2026-03-01 13:26:12,221 - INFO - B站视频数据爬虫系统 v2.0（支持失败重试）
2026-03-01 13:26:12,221 - INFO - 🚀🚀🚀🚀🚀🚀🚀🚀🚀🚀🚀🚀🚀🚀🚀🚀🚀🚀🚀🚀🚀🚀🚀🚀🚀

2026-03-01 13:26:12,221 - ERROR - ❌ 请先在config.py中配置您的B站Cookie！
2026-03-01 13:26:12,221 - ERROR - 获取Cookie的方法：
2026-03-01 13:26:12,221 - ERROR - 1. 打开浏览器，登录B站
2026-03-01 13:26:12,221 - ERROR - 2. 按F12打开开发者工具
2026-03-01 13:26:12,222 - ERROR - 3. 切换到Network标签
2026-03-01 13:26:12,222 - ERROR - 4. 刷新页面，找到任意请求
2026-03-01 13:26:12,222 - ERROR - 5. 在请求头中复制Cookie的值
2026-03-01 13:26:44,231 - INFO - 
🚀🚀🚀🚀🚀🚀🚀🚀🚀🚀🚀🚀🚀🚀🚀🚀🚀🚀🚀🚀🚀🚀🚀🚀🚀
2026-03-01 13:26:44,232 - INFO - B站视频数据爬虫系统 v2.0（支持失败重试）
2026-03-01 13:26:44,232 - INFO - 🚀🚀🚀🚀🚀🚀🚀🚀🚀🚀🚀🚀🚀🚀🚀🚀🚀🚀🚀🚀🚀🚀🚀🚀🚀

2026-03-01 13:26:44,552 - INFO - Wbi密钥初始化成功: img_key=7cd08494..., sub_key=4932caff...
2026-03-01 13:26:48,582 - INFO - 
==================================================
2026-03-01 13:26:48,582 - INFO - 开始爬取B站视频数据
2026-03-01 13:26:48,582 - INFO - ==================================================

2026-03-01 13:26:48,582 - INFO - ==================================================
2026-03-01 13:26:48,582 - INFO - 开始爬取综合热门视频
2026-03-01 13:26:48,582 - INFO - ==================================================
2026-03-01 13:26:48,582 - INFO - 正在获取综合热门第1页...
2026-03-01 13:26:51,285 - INFO - 成功获取20条综合热门视频
2026-03-01 13:26:51,286 - INFO - 正在获取综合热门第2页...
2026-03-01 13:26:53,683 - INFO - 成功获取20条综合热门视频
2026-03-01 13:26:53,683 - INFO - 正在获取综合热门第3页...
2026-03-01 13:26:56,160 - INFO - 成功获取20条综合热门视频
2026-03-01 13:26:56,161 - INFO - 正在获取综合热门第4页...
2026-03-01 13:26:57,566 - INFO - 成功获取20条综合热门视频
2026-03-01 13:26:57,567 - INFO - 正在获取综合热门第5页...
2026-03-01 13:26:59,707 - INFO - 成功获取20条综合热门视频
2026-03-01 13:26:59,707 - INFO - 综合热门爬取完成: 共100条
2026-03-01 13:26:59,707 - INFO - ==================================================
2026-03-01 13:26:59,708 - INFO - 开始爬取分区热门视频
2026-03-01 13:26:59,708 - INFO - ==================================================
2026-03-01 13:26:59,708 - INFO - 正在爬取【动画】分区...
2026-03-01 13:26:59,708 - INFO - 正在获取分区1的热门视频...
2026-03-01 13:27:01,477 - INFO - 成功获取分区1的95条热门视频
2026-03-01 13:27:01,478 - INFO - 正在爬取【音乐】分区...
2026-03-01 13:27:01,479 - INFO - 正在获取分区3的热门视频...
2026-03-01 13:27:03,559 - INFO - 成功获取分区3的98条热门视频
2026-03-01 13:27:03,561 - INFO - 正在爬取【游戏】分区...
2026-03-01 13:27:03,561 - INFO - 正在获取分区4的热门视频...
2026-03-01 13:27:05,897 - INFO - 成功获取分区4的98条热门视频
2026-03-01 13:27:05,898 - INFO - 正在爬取【娱乐】分区...
2026-03-01 13:27:05,898 - INFO - 正在获取分区5的热门视频...
2026-03-01 13:27:07,030 - INFO - 成功获取分区5的93条热门视频
2026-03-01 13:27:07,032 - INFO - 正在爬取【知识】分区...
2026-03-01 13:27:07,032 - INFO - 正在获取分区36的热门视频...
2026-03-01 13:27:08,824 - INFO - 成功获取分区36的96条热门视频
2026-03-01 13:27:08,826 - INFO - 正在爬取【科技】分区...
2026-03-01 13:27:08,826 - INFO - 正在获取分区188的热门视频...
2026-03-01 13:27:10,178 - INFO - 成功获取分区188的98条热门视频
2026-03-01 13:27:10,179 - INFO - 正在爬取【生活】分区...
2026-03-01 13:27:10,180 - INFO - 正在获取分区160的热门视频...
2026-03-01 13:27:11,384 - INFO - 成功获取分区160的93条热门视频
2026-03-01 13:27:11,385 - INFO - 正在爬取【美食】分区...
2026-03-01 13:27:11,386 - INFO - 正在获取分区211的热门视频...
2026-03-01 13:27:14,091 - INFO - 成功获取分区211的99条热门视频
2026-03-01 13:27:14,093 - INFO - 正在爬取【动物圈】分区...
2026-03-01 13:27:14,093 - INFO - 正在获取分区217的热门视频...
2026-03-01 13:27:16,855 - INFO - 成功获取分区217的98条热门视频
2026-03-01 13:27:16,857 - INFO - 正在爬取【鬼畜】分区...
2026-03-01 13:27:16,857 - INFO - 正在获取分区119的热门视频...
2026-03-01 13:27:19,835 - INFO - 成功获取分区119的97条热门视频
2026-03-01 13:27:19,836 - INFO - 正在爬取【时尚】分区...
2026-03-01 13:27:19,837 - INFO - 正在获取分区155的热门视频...
2026-03-01 13:27:21,381 - INFO - 成功获取分区155的96条热门视频
2026-03-01 13:27:21,384 - INFO - 正在爬取【纪录片】分区...
2026-03-01 13:27:21,384 - INFO - 正在获取分区181的热门视频...
2026-03-01 13:27:24,270 - INFO - 成功获取分区181的93条热门视频
2026-03-01 13:27:24,272 - INFO - 分区热门爬取完成: 共1154条
2026-03-01 13:27:24,272 - INFO - 
数据合并完成: 总计1254条原始数据
2026-03-01 13:27:24,272 - INFO - 去重完成: 原始1254条，去重0条，剩余1254条
2026-03-01 13:27:24,273 - INFO - ✅ 数据量(1254)在目标范围内 [1000, 2000]
2026-03-01 13:27:24,310 - INFO - 中间数据已保存: bilibili_videos_intermediate.json
2026-03-01 13:27:36,621 - INFO - 
==================================================
2026-03-01 13:27:36,622 - INFO - 开始获取UP主详细信息
2026-03-01 13:27:36,622 - INFO - ==================================================

2026-03-01 13:27:36,622 - INFO - 需要获取1241个UP主的信息
2026-03-01 13:30:38,837 - INFO - 
🚀🚀🚀🚀🚀🚀🚀🚀🚀🚀🚀🚀🚀🚀🚀🚀🚀🚀🚀🚀🚀🚀🚀🚀🚀
2026-03-01 13:30:38,837 - INFO - B站视频数据爬虫系统 v2.0（支持失败重试）
2026-03-01 13:30:38,837 - INFO - 🚀🚀🚀🚀🚀🚀🚀🚀🚀🚀🚀🚀🚀🚀🚀🚀🚀🚀🚀🚀🚀🚀🚀🚀🚀

2026-03-01 13:30:39,192 - INFO - Wbi密钥初始化成功: img_key=7cd08494..., sub_key=4932caff...
2026-03-01 13:30:41,957 - INFO - 
==================================================
2026-03-01 13:30:41,957 - INFO - 失败UP主信息重试
2026-03-01 13:30:41,957 - INFO - ==================================================

2026-03-01 13:30:50,841 - INFO - 
🚀🚀🚀🚀🚀🚀🚀🚀🚀🚀🚀🚀🚀🚀🚀🚀🚀🚀🚀🚀🚀🚀🚀🚀🚀
2026-03-01 13:30:50,842 - INFO - B站视频数据爬虫系统 v2.0（支持失败重试）
2026-03-01 13:30:50,842 - INFO - 🚀🚀🚀🚀🚀🚀🚀🚀🚀🚀🚀🚀🚀🚀🚀🚀🚀🚀🚀🚀🚀🚀🚀🚀🚀

2026-03-01 13:30:51,129 - INFO - Wbi密钥初始化成功: img_key=7cd08494..., sub_key=4932caff...
2026-03-01 13:30:53,445 - INFO - ✅ 加载了1254条视频数据
2026-03-01 13:30:53,445 - INFO - 
==================================================
2026-03-01 13:30:53,445 - INFO - 开始数据处理与特征工程
2026-03-01 13:30:53,445 - INFO - ==================================================

2026-03-01 13:30:53,471 - INFO - DataFrame创建完成: 1254行 × 33列
2026-03-01 13:30:53,471 - INFO - 正在添加衍生特征...
2026-03-01 13:30:53,489 - INFO - 衍生特征添加完成
2026-03-01 13:30:53,489 - INFO - 
==================================================
2026-03-01 13:30:53,489 - INFO - 数据统计摘要
2026-03-01 13:30:53,489 - INFO - ==================================================
2026-03-01 13:30:53,489 - INFO - 总视频数: 1254
2026-03-01 13:30:53,492 - INFO - 涉及UP主数: 1241
2026-03-01 13:30:53,494 - INFO - 涉及分区数: 79
2026-03-01 13:30:53,494 - INFO - 
分区分布:
2026-03-01 13:30:53,497 - INFO - tname
数码       65
仿妆cos    52
搞笑       49
影视杂谈     46
手机游戏     45
         ..
颜值安利      1
音游        1
音乐教学      1
田园美食      1
篮球        1
Name: count, Length: 79, dtype: int64
2026-03-01 13:30:53,498 - INFO - 
UP主信息完整性:
2026-03-01 13:30:53,498 - INFO -   - 已获取: 0/1254 (0.0%)
2026-03-01 13:30:53,498 - INFO -   - 缺失: 1254
2026-03-01 13:30:53,498 - INFO - 
播放量统计:
2026-03-01 13:30:53,499 - INFO -   - 最小: 30,156
2026-03-01 13:30:53,499 - INFO -   - 最大: 62,932,863
2026-03-01 13:30:53,499 - INFO -   - 平均: 2,043,368
2026-03-01 13:30:53,501 - INFO -   - 中位数: 1,104,227
2026-03-01 13:30:53,501 - INFO - 
==================================================
2026-03-01 13:30:53,501 - INFO - 开始保存数据
2026-03-01 13:30:53,501 - INFO - ==================================================

2026-03-01 13:30:53,537 - INFO - ✅ CSV文件已保存: bilibili_videos_data.csv
2026-03-01 13:30:53,551 - INFO - ✅ JSON文件已保存: bilibili_videos_data.json
2026-03-01 13:30:54,557 - INFO - ✅ Excel文件已保存: bilibili_videos_data.xlsx
2026-03-01 13:30:54,557 - INFO - 
🎉🎉🎉🎉🎉🎉🎉🎉🎉🎉🎉🎉🎉🎉🎉🎉🎉🎉🎉🎉🎉🎉🎉🎉🎉
2026-03-01 13:30:54,557 - INFO - 爬虫任务全部完成！
2026-03-01 13:30:54,557 - INFO - 🎉🎉🎉🎉🎉🎉🎉🎉🎉🎉🎉🎉🎉🎉🎉🎉🎉🎉🎉🎉🎉🎉🎉🎉🎉

2026-03-01 13:35:23,449 - INFO - B站视频数据爬虫系统 v2.0
2026-03-01 13:35:23,815 - INFO - Wbi密钥初始化成功
2026-03-01 13:35:28,128 - INFO - 成功加载中间数据: 1254条
2026-03-01 13:35:29,244 - INFO - 开始获取UP主详细信息
2026-03-01 13:35:29,245 - INFO - 需要获取1241个UP主的信息
2026-03-01 13:35:29,245 - INFO - 开始批量获取1241个UP主信息...
2026-03-01 13:35:29,245 - INFO - 获取UP主信息进度: 1/1241 (成功:0, 失败:0)
2026-03-01 13:35:34,354 - INFO - 获取UP主信息进度: 2/1241 (成功:1, 失败:0)
2026-03-01 13:35:37,773 - INFO - 获取UP主信息进度: 3/1241 (成功:2, 失败:0)
2026-03-01 13:35:42,718 - INFO - 获取UP主信息进度: 4/1241 (成功:3, 失败:0)
2026-03-01 13:35:48,383 - INFO - 获取UP主信息进度: 5/1241 (成功:4, 失败:0)
2026-03-01 13:35:52,815 - INFO - 获取UP主信息进度: 6/1241 (成功:5, 失败:0)
2026-03-01 13:35:57,870 - INFO - 获取UP主信息进度: 7/1241 (成功:6, 失败:0)
2026-03-01 13:36:03,677 - INFO - 获取UP主信息进度: 8/1241 (成功:7, 失败:0)
2026-03-01 13:36:09,979 - INFO - 获取UP主信息进度: 9/1241 (成功:8, 失败:0)
2026-03-01 13:36:16,124 - INFO - 获取UP主信息进度: 10/1241 (成功:9, 失败:0)
2026-03-01 13:36:20,066 - INFO - 获取UP主信息进度: 11/1241 (成功:10, 失败:0)
2026-03-01 13:36:24,443 - INFO - 获取UP主信息进度: 12/1241 (成功:11, 失败:0)
2026-03-01 13:36:28,006 - INFO - 获取UP主信息进度: 13/1241 (成功:12, 失败:0)
2026-03-01 13:36:32,096 - INFO - 获取UP主信息进度: 14/1241 (成功:13, 失败:0)
2026-03-01 13:36:36,051 - INFO - 获取UP主信息进度: 15/1241 (成功:14, 失败:0)
2026-03-01 13:36:41,809 - INFO - 获取UP主信息进度: 16/1241 (成功:15, 失败:0)
2026-03-01 13:36:46,117 - INFO - 获取UP主信息进度: 17/1241 (成功:16, 失败:0)
2026-03-01 13:36:52,002 - INFO - 获取UP主信息进度: 18/1241 (成功:17, 失败:0)
2026-03-01 13:36:55,157 - INFO - 获取UP主信息进度: 19/1241 (成功:18, 失败:0)
2026-03-01 13:37:00,856 - INFO - 获取UP主信息进度: 20/1241 (成功:19, 失败:0)
2026-03-01 13:37:05,393 - INFO - 获取UP主信息进度: 21/1241 (成功:20, 失败:0)
2026-03-01 13:37:10,909 - INFO - 获取UP主信息进度: 22/1241 (成功:21, 失败:0)
2026-03-01 13:37:14,602 - INFO - 获取UP主信息进度: 23/1241 (成功:22, 失败:0)
2026-03-01 13:37:20,201 - INFO - 获取UP主信息进度: 24/1241 (成功:23, 失败:0)
2026-03-01 13:37:25,161 - INFO - 获取UP主信息进度: 25/1241 (成功:24, 失败:0)
2026-03-01 13:37:30,441 - INFO - 获取UP主信息进度: 26/1241 (成功:25, 失败:0)
2026-03-01 13:37:33,940 - INFO - 获取UP主信息进度: 27/1241 (成功:26, 失败:0)
2026-03-01 13:37:38,712 - INFO - 获取UP主信息进度: 28/1241 (成功:27, 失败:0)
2026-03-01 13:37:42,483 - INFO - 获取UP主信息进度: 29/1241 (成功:28, 失败:0)
2026-03-01 13:37:47,367 - INFO - 获取UP主信息进度: 30/1241 (成功:29, 失败:0)
2026-03-01 13:37:53,183 - INFO - 获取UP主信息进度: 31/1241 (成功:30, 失败:0)
2026-03-01 13:37:59,294 - INFO - 获取UP主信息进度: 32/1241 (成功:31, 失败:0)
2026-03-01 13:38:04,131 - INFO - 获取UP主信息进度: 33/1241 (成功:32, 失败:0)
2026-03-01 13:38:07,284 - INFO - 获取UP主信息进度: 34/1241 (成功:33, 失败:0)
2026-03-01 13:38:11,289 - INFO - 获取UP主信息进度: 35/1241 (成功:34, 失败:0)
2026-03-01 13:38:15,293 - INFO - 获取UP主信息进度: 36/1241 (成功:35, 失败:0)
2026-03-01 13:38:20,766 - INFO - 获取UP主信息进度: 37/1241 (成功:36, 失败:0)
2026-03-01 13:38:25,843 - INFO - 获取UP主信息进度: 38/1241 (成功:37, 失败:0)
2026-03-01 13:38:31,832 - INFO - 获取UP主信息进度: 39/1241 (成功:38, 失败:0)
2026-03-01 13:38:36,727 - INFO - 获取UP主信息进度: 40/1241 (成功:39, 失败:0)
2026-03-01 13:38:41,204 - INFO - 获取UP主信息进度: 41/1241 (成功:40, 失败:0)
2026-03-01 13:38:45,241 - INFO - 获取UP主信息进度: 42/1241 (成功:41, 失败:0)
2026-03-01 13:38:49,851 - INFO - 获取UP主信息进度: 43/1241 (成功:42, 失败:0)
2026-03-01 13:38:55,751 - INFO - 获取UP主信息进度: 44/1241 (成功:43, 失败:0)
2026-03-01 13:39:00,796 - INFO - 获取UP主信息进度: 45/1241 (成功:44, 失败:0)
2026-03-01 13:39:05,260 - INFO - 获取UP主信息进度: 46/1241 (成功:45, 失败:0)
2026-03-01 13:39:08,975 - INFO - 获取UP主信息进度: 47/1241 (成功:46, 失败:0)
2026-03-01 13:39:12,396 - INFO - 获取UP主信息进度: 48/1241 (成功:47, 失败:0)
2026-03-01 13:39:16,884 - INFO - 获取UP主信息进度: 49/1241 (成功:48, 失败:0)
2026-03-01 13:39:20,786 - INFO - 获取UP主信息进度: 50/1241 (成功:49, 失败:0)
2026-03-01 13:39:20,787 - INFO - 已完成50个请求，休息13.3秒...
2026-03-01 13:39:39,481 - INFO - 获取UP主信息进度: 51/1241 (成功:50, 失败:0)
2026-03-01 13:39:44,319 - INFO - 获取UP主信息进度: 52/1241 (成功:51, 失败:0)
2026-03-01 13:39:48,738 - INFO - 获取UP主信息进度: 53/1241 (成功:52, 失败:0)
2026-03-01 13:39:54,827 - INFO - 获取UP主信息进度: 54/1241 (成功:53, 失败:0)
2026-03-01 13:40:00,227 - INFO - 获取UP主信息进度: 55/1241 (成功:54, 失败:0)
2026-03-01 13:40:04,105 - INFO - 获取UP主信息进度: 56/1241 (成功:55, 失败:0)
2026-03-01 13:40:08,532 - INFO - 获取UP主信息进度: 57/1241 (成功:56, 失败:0)
2026-03-01 13:40:14,220 - INFO - 获取UP主信息进度: 58/1241 (成功:57, 失败:0)
2026-03-01 13:40:19,208 - INFO - 获取UP主信息进度: 59/1241 (成功:58, 失败:0)
2026-03-01 13:40:22,819 - INFO - 获取UP主信息进度: 60/1241 (成功:59, 失败:0)
2026-03-01 13:40:25,984 - INFO - 获取UP主信息进度: 61/1241 (成功:60, 失败:0)
2026-03-01 13:40:29,280 - INFO - 获取UP主信息进度: 62/1241 (成功:61, 失败:0)
2026-03-01 13:40:35,052 - INFO - 获取UP主信息进度: 63/1241 (成功:62, 失败:0)
2026-03-01 13:40:41,145 - INFO - 获取UP主信息进度: 64/1241 (成功:63, 失败:0)
2026-03-01 13:40:44,581 - INFO - 获取UP主信息进度: 65/1241 (成功:64, 失败:0)
2026-03-01 13:40:49,988 - INFO - 获取UP主信息进度: 66/1241 (成功:65, 失败:0)
2026-03-01 13:40:55,642 - INFO - 获取UP主信息进度: 67/1241 (成功:66, 失败:0)
2026-03-01 13:41:01,710 - INFO - 获取UP主信息进度: 68/1241 (成功:67, 失败:0)
2026-03-01 13:41:07,302 - INFO - 获取UP主信息进度: 69/1241 (成功:68, 失败:0)
2026-03-01 13:41:11,893 - INFO - 获取UP主信息进度: 70/1241 (成功:69, 失败:0)
2026-03-01 13:41:15,831 - INFO - 获取UP主信息进度: 71/1241 (成功:70, 失败:0)
2026-03-01 13:41:18,975 - INFO - 获取UP主信息进度: 72/1241 (成功:71, 失败:0)
2026-03-01 13:41:23,836 - INFO - 获取UP主信息进度: 73/1241 (成功:72, 失败:0)
2026-03-01 13:41:27,712 - INFO - 获取UP主信息进度: 74/1241 (成功:73, 失败:0)
2026-03-01 13:41:33,209 - INFO - 获取UP主信息进度: 75/1241 (成功:74, 失败:0)
2026-03-01 13:41:37,841 - INFO - 获取UP主信息进度: 76/1241 (成功:75, 失败:0)
2026-03-01 13:41:43,044 - INFO - 获取UP主信息进度: 77/1241 (成功:76, 失败:0)
2026-03-01 13:41:48,084 - INFO - 获取UP主信息进度: 78/1241 (成功:77, 失败:0)
2026-03-01 13:41:53,062 - INFO - 获取UP主信息进度: 79/1241 (成功:78, 失败:0)
2026-03-01 13:41:58,855 - INFO - 获取UP主信息进度: 80/1241 (成功:79, 失败:0)
2026-03-01 13:42:02,704 - INFO - 获取UP主信息进度: 81/1241 (成功:80, 失败:0)
2026-03-01 13:42:07,202 - INFO - 获取UP主信息进度: 82/1241 (成功:81, 失败:0)
2026-03-01 13:42:12,205 - INFO - 获取UP主信息进度: 83/1241 (成功:82, 失败:0)
2026-03-01 13:42:17,979 - INFO - 获取UP主信息进度: 84/1241 (成功:83, 失败:0)
2026-03-01 13:42:23,127 - INFO - 获取UP主信息进度: 85/1241 (成功:84, 失败:0)
2026-03-01 13:42:27,212 - INFO - 获取UP主信息进度: 86/1241 (成功:85, 失败:0)
2026-03-01 13:42:31,528 - INFO - 获取UP主信息进度: 87/1241 (成功:86, 失败:0)
2026-03-01 13:42:36,218 - INFO - 获取UP主信息进度: 88/1241 (成功:87, 失败:0)
2026-03-01 13:42:40,488 - INFO - 获取UP主信息进度: 89/1241 (成功:88, 失败:0)
2026-03-01 13:42:44,169 - INFO - 获取UP主信息进度: 90/1241 (成功:89, 失败:0)
2026-03-01 13:42:49,386 - INFO - 获取UP主信息进度: 91/1241 (成功:90, 失败:0)
2026-03-01 13:42:53,618 - INFO - 获取UP主信息进度: 92/1241 (成功:91, 失败:0)
2026-03-01 13:42:59,489 - INFO - 获取UP主信息进度: 93/1241 (成功:92, 失败:0)
2026-03-01 13:43:03,442 - INFO - 获取UP主信息进度: 94/1241 (成功:93, 失败:0)
2026-03-01 13:43:07,688 - INFO - 获取UP主信息进度: 95/1241 (成功:94, 失败:0)
2026-03-01 13:43:13,047 - INFO - 获取UP主信息进度: 96/1241 (成功:95, 失败:0)
2026-03-01 13:43:17,465 - INFO - 获取UP主信息进度: 97/1241 (成功:96, 失败:0)
2026-03-01 13:43:21,000 - INFO - 获取UP主信息进度: 98/1241 (成功:97, 失败:0)
2026-03-01 13:43:25,428 - INFO - 获取UP主信息进度: 99/1241 (成功:98, 失败:0)
2026-03-01 13:43:29,080 - INFO - 获取UP主信息进度: 100/1241 (成功:99, 失败:0)
2026-03-01 13:43:29,081 - INFO - 已完成100个请求，休息13.2秒...
2026-03-01 13:43:47,571 - INFO - 获取UP主信息进度: 101/1241 (成功:100, 失败:0)
2026-03-01 13:43:52,409 - INFO - 获取UP主信息进度: 102/1241 (成功:101, 失败:0)
2026-03-01 13:43:56,902 - INFO - 获取UP主信息进度: 103/1241 (成功:102, 失败:0)
2026-03-01 13:44:02,516 - INFO - 获取UP主信息进度: 104/1241 (成功:103, 失败:0)
2026-03-01 13:44:07,727 - INFO - 获取UP主信息进度: 105/1241 (成功:104, 失败:0)
2026-03-01 13:44:13,591 - INFO - 获取UP主信息进度: 106/1241 (成功:105, 失败:0)
2026-03-01 13:44:19,054 - INFO - 获取UP主信息进度: 107/1241 (成功:106, 失败:0)
2026-03-01 13:44:22,289 - INFO - 获取UP主信息进度: 108/1241 (成功:107, 失败:0)
2026-03-01 13:44:26,998 - INFO - 获取UP主信息进度: 109/1241 (成功:108, 失败:0)
2026-03-01 13:44:32,417 - INFO - 获取UP主信息进度: 110/1241 (成功:109, 失败:0)
2026-03-01 13:44:36,770 - INFO - 获取UP主信息进度: 111/1241 (成功:110, 失败:0)
2026-03-01 13:44:41,657 - INFO - 获取UP主信息进度: 112/1241 (成功:111, 失败:0)
2026-03-01 13:44:47,436 - INFO - 获取UP主信息进度: 113/1241 (成功:112, 失败:0)
2026-03-01 13:44:51,110 - INFO - 获取UP主信息进度: 114/1241 (成功:113, 失败:0)
2026-03-01 13:44:55,265 - INFO - 获取UP主信息进度: 115/1241 (成功:114, 失败:0)
2026-03-01 13:45:00,608 - INFO - 获取UP主信息进度: 116/1241 (成功:115, 失败:0)
2026-03-01 13:45:04,533 - INFO - 获取UP主信息进度: 117/1241 (成功:116, 失败:0)
2026-03-01 13:45:09,180 - INFO - 获取UP主信息进度: 118/1241 (成功:117, 失败:0)
2026-03-01 13:45:12,853 - INFO - 获取UP主信息进度: 119/1241 (成功:118, 失败:0)
2026-03-01 13:45:18,514 - INFO - 获取UP主信息进度: 120/1241 (成功:119, 失败:0)
2026-03-01 13:45:23,125 - INFO - 获取UP主信息进度: 121/1241 (成功:120, 失败:0)
2026-03-01 13:45:27,780 - INFO - 获取UP主信息进度: 122/1241 (成功:121, 失败:0)
2026-03-01 13:45:33,345 - INFO - 获取UP主信息进度: 123/1241 (成功:122, 失败:0)
2026-03-01 13:45:39,454 - INFO - 获取UP主信息进度: 124/1241 (成功:123, 失败:0)
2026-03-01 13:45:43,342 - INFO - 获取UP主信息进度: 125/1241 (成功:124, 失败:0)
2026-03-01 13:45:49,040 - INFO - 获取UP主信息进度: 126/1241 (成功:125, 失败:0)
2026-03-01 13:45:52,208 - INFO - 获取UP主信息进度: 127/1241 (成功:126, 失败:0)
2026-03-01 13:45:56,783 - INFO - 获取UP主信息进度: 128/1241 (成功:127, 失败:0)
2026-03-01 13:46:02,612 - INFO - 获取UP主信息进度: 129/1241 (成功:128, 失败:0)
2026-03-01 13:46:05,848 - INFO - 获取UP主信息进度: 130/1241 (成功:129, 失败:0)
2026-03-01 13:46:09,846 - INFO - 获取UP主信息进度: 131/1241 (成功:130, 失败:0)
2026-03-01 13:46:13,709 - INFO - 获取UP主信息进度: 132/1241 (成功:131, 失败:0)
2026-03-01 13:46:20,026 - INFO - 获取UP主信息进度: 133/1241 (成功:132, 失败:0)
2026-03-01 13:46:24,828 - INFO - 获取UP主信息进度: 134/1241 (成功:133, 失败:0)
2026-03-01 13:46:28,448 - INFO - 获取UP主信息进度: 135/1241 (成功:134, 失败:0)
2026-03-01 13:46:33,953 - INFO - 获取UP主信息进度: 136/1241 (成功:135, 失败:0)
2026-03-01 13:46:38,595 - INFO - 获取UP主信息进度: 137/1241 (成功:136, 失败:0)
2026-03-01 13:46:41,931 - INFO - 获取UP主信息进度: 138/1241 (成功:137, 失败:0)
2026-03-01 13:46:48,149 - INFO - 获取UP主信息进度: 139/1241 (成功:138, 失败:0)
2026-03-01 13:46:53,534 - INFO - 获取UP主信息进度: 140/1241 (成功:139, 失败:0)
2026-03-01 13:46:57,712 - INFO - 获取UP主信息进度: 141/1241 (成功:140, 失败:0)
2026-03-01 13:47:02,147 - INFO - 获取UP主信息进度: 142/1241 (成功:141, 失败:0)
2026-03-01 13:47:05,688 - INFO - 获取UP主信息进度: 143/1241 (成功:142, 失败:0)
2026-03-01 13:47:09,330 - INFO - 获取UP主信息进度: 144/1241 (成功:143, 失败:0)
2026-03-01 13:47:13,973 - INFO - 获取UP主信息进度: 145/1241 (成功:144, 失败:0)
2026-03-01 13:47:17,171 - INFO - 获取UP主信息进度: 146/1241 (成功:145, 失败:0)
2026-03-01 13:47:20,659 - INFO - 获取UP主信息进度: 147/1241 (成功:146, 失败:0)
2026-03-01 13:47:26,068 - INFO - 获取UP主信息进度: 148/1241 (成功:147, 失败:0)
2026-03-01 13:47:31,581 - INFO - 获取UP主信息进度: 149/1241 (成功:148, 失败:0)
2026-03-01 13:47:36,365 - INFO - 获取UP主信息进度: 150/1241 (成功:149, 失败:0)
2026-03-01 13:47:36,365 - INFO - 已完成150个请求，休息13.3秒...
2026-03-01 13:47:53,666 - INFO - 获取UP主信息进度: 151/1241 (成功:150, 失败:0)
2026-03-01 13:47:59,305 - INFO - 获取UP主信息进度: 152/1241 (成功:151, 失败:0)
2026-03-01 13:48:02,907 - INFO - 获取UP主信息进度: 153/1241 (成功:152, 失败:0)
2026-03-01 13:48:07,123 - INFO - 获取UP主信息进度: 154/1241 (成功:153, 失败:0)
2026-03-01 13:48:13,335 - INFO - 获取UP主信息进度: 155/1241 (成功:154, 失败:0)
2026-03-01 13:48:16,952 - INFO - 获取UP主信息进度: 156/1241 (成功:155, 失败:0)
2026-03-01 13:48:20,367 - INFO - 获取UP主信息进度: 157/1241 (成功:156, 失败:0)
2026-03-01 13:48:24,261 - INFO - 获取UP主信息进度: 158/1241 (成功:157, 失败:0)
2026-03-01 13:48:27,630 - INFO - 获取UP主信息进度: 159/1241 (成功:158, 失败:0)
2026-03-01 13:48:32,256 - INFO - 获取UP主信息进度: 160/1241 (成功:159, 失败:0)
2026-03-01 13:48:37,746 - INFO - 获取UP主信息进度: 161/1241 (成功:160, 失败:0)
2026-03-01 13:48:40,896 - INFO - 获取UP主信息进度: 162/1241 (成功:161, 失败:0)
2026-03-01 13:48:44,850 - INFO - 获取UP主信息进度: 163/1241 (成功:162, 失败:0)
2026-03-01 13:48:49,052 - INFO - 获取UP主信息进度: 164/1241 (成功:163, 失败:0)
2026-03-01 13:48:54,646 - INFO - 获取UP主信息进度: 165/1241 (成功:164, 失败:0)
2026-03-01 13:48:59,584 - INFO - 获取UP主信息进度: 166/1241 (成功:165, 失败:0)
2026-03-01 13:49:05,350 - INFO - 获取UP主信息进度: 167/1241 (成功:166, 失败:0)
2026-03-01 13:49:10,029 - INFO - 获取UP主信息进度: 168/1241 (成功:167, 失败:0)
2026-03-01 13:49:15,775 - INFO - 获取UP主信息进度: 169/1241 (成功:168, 失败:0)
2026-03-01 13:49:19,131 - INFO - 获取UP主信息进度: 170/1241 (成功:169, 失败:0)
2026-03-01 13:49:23,793 - INFO - 获取UP主信息进度: 171/1241 (成功:170, 失败:0)
2026-03-01 13:49:27,632 - INFO - 获取UP主信息进度: 172/1241 (成功:171, 失败:0)
2026-03-01 13:49:32,692 - INFO - 获取UP主信息进度: 173/1241 (成功:172, 失败:0)
2026-03-01 13:49:36,547 - INFO - 获取UP主信息进度: 174/1241 (成功:173, 失败:0)
2026-03-01 13:49:41,797 - INFO - 获取UP主信息进度: 175/1241 (成功:174, 失败:0)
2026-03-01 13:49:47,808 - INFO - 获取UP主信息进度: 176/1241 (成功:175, 失败:0)
2026-03-01 13:49:53,550 - INFO - 获取UP主信息进度: 177/1241 (成功:176, 失败:0)
2026-03-01 13:49:56,877 - INFO - 获取UP主信息进度: 178/1241 (成功:177, 失败:0)
2026-03-01 13:50:02,023 - INFO - 获取UP主信息进度: 179/1241 (成功:178, 失败:0)
2026-03-01 13:50:07,291 - INFO - 获取UP主信息进度: 180/1241 (成功:179, 失败:0)
2026-03-01 13:50:13,198 - INFO - 获取UP主信息进度: 181/1241 (成功:180, 失败:0)
2026-03-01 13:50:17,096 - INFO - 获取UP主信息进度: 182/1241 (成功:181, 失败:0)
2026-03-01 13:50:22,154 - INFO - 获取UP主信息进度: 183/1241 (成功:182, 失败:0)
2026-03-01 13:50:26,957 - INFO - 获取UP主信息进度: 184/1241 (成功:183, 失败:0)
2026-03-01 13:50:31,701 - INFO - 获取UP主信息进度: 185/1241 (成功:184, 失败:0)
2026-03-01 13:50:35,910 - INFO - 获取UP主信息进度: 186/1241 (成功:185, 失败:0)
2026-03-01 13:50:39,240 - INFO - 获取UP主信息进度: 187/1241 (成功:186, 失败:0)
2026-03-01 13:50:43,422 - INFO - 获取UP主信息进度: 188/1241 (成功:187, 失败:0)
2026-03-01 13:50:48,218 - INFO - 获取UP主信息进度: 189/1241 (成功:188, 失败:0)
2026-03-01 13:50:54,287 - INFO - 获取UP主信息进度: 190/1241 (成功:189, 失败:0)
2026-03-01 13:50:58,553 - INFO - 获取UP主信息进度: 191/1241 (成功:190, 失败:0)
2026-03-01 13:51:02,118 - INFO - 获取UP主信息进度: 192/1241 (成功:191, 失败:0)
2026-03-01 13:51:06,429 - INFO - 获取UP主信息进度: 193/1241 (成功:192, 失败:0)
2026-03-01 13:51:10,033 - INFO - 获取UP主信息进度: 194/1241 (成功:193, 失败:0)
2026-03-01 13:51:14,145 - INFO - 获取UP主信息进度: 195/1241 (成功:194, 失败:0)
2026-03-01 13:51:17,789 - INFO - 获取UP主信息进度: 196/1241 (成功:195, 失败:0)
2026-03-01 13:51:22,040 - INFO - 获取UP主信息进度: 197/1241 (成功:196, 失败:0)
2026-03-01 13:51:25,663 - INFO - 获取UP主信息进度: 198/1241 (成功:197, 失败:0)
2026-03-01 13:51:30,384 - INFO - 获取UP主信息进度: 199/1241 (成功:198, 失败:0)
2026-03-01 13:51:33,898 - INFO - 获取UP主信息进度: 200/1241 (成功:199, 失败:0)
2026-03-01 13:51:33,898 - INFO - 已完成200个请求，休息18.6秒...
2026-03-01 13:51:55,833 - INFO - 获取UP主信息进度: 201/1241 (成功:200, 失败:0)
2026-03-01 13:52:00,091 - INFO - 获取UP主信息进度: 202/1241 (成功:201, 失败:0)
2026-03-01 13:52:03,256 - INFO - 获取UP主信息进度: 203/1241 (成功:202, 失败:0)
2026-03-01 13:52:08,467 - INFO - 获取UP主信息进度: 204/1241 (成功:203, 失败:0)
2026-03-01 13:52:12,367 - INFO - 获取UP主信息进度: 205/1241 (成功:204, 失败:0)
2026-03-01 13:52:18,337 - INFO - 获取UP主信息进度: 206/1241 (成功:205, 失败:0)
2026-03-01 13:52:21,596 - INFO - 获取UP主信息进度: 207/1241 (成功:206, 失败:0)
2026-03-01 13:52:24,740 - INFO - 获取UP主信息进度: 208/1241 (成功:207, 失败:0)
2026-03-01 13:52:28,799 - INFO - 获取UP主信息进度: 209/1241 (成功:208, 失败:0)
2026-03-01 13:52:34,352 - INFO - 获取UP主信息进度: 210/1241 (成功:209, 失败:0)
2026-03-01 13:52:40,090 - INFO - 获取UP主信息进度: 211/1241 (成功:210, 失败:0)
2026-03-01 13:52:45,672 - INFO - 获取UP主信息进度: 212/1241 (成功:211, 失败:0)
2026-03-01 13:52:50,224 - INFO - 获取UP主信息进度: 213/1241 (成功:212, 失败:0)
2026-03-01 13:52:55,759 - INFO - 获取UP主信息进度: 214/1241 (成功:213, 失败:0)
2026-03-01 13:53:01,159 - INFO - 获取UP主信息进度: 215/1241 (成功:214, 失败:0)
2026-03-01 13:53:07,105 - INFO - 获取UP主信息进度: 216/1241 (成功:215, 失败:0)
2026-03-01 13:53:12,383 - INFO - 获取UP主信息进度: 217/1241 (成功:216, 失败:0)
2026-03-01 13:53:17,547 - INFO - 获取UP主信息进度: 218/1241 (成功:217, 失败:0)
2026-03-01 13:53:23,209 - INFO - 获取UP主信息进度: 219/1241 (成功:218, 失败:0)
2026-03-01 13:53:28,691 - INFO - 获取UP主信息进度: 220/1241 (成功:219, 失败:0)
2026-03-01 13:53:33,656 - INFO - 获取UP主信息进度: 221/1241 (成功:220, 失败:0)
2026-03-01 13:53:38,718 - INFO - 获取UP主信息进度: 222/1241 (成功:221, 失败:0)
2026-03-01 13:53:43,381 - INFO - 获取UP主信息进度: 223/1241 (成功:222, 失败:0)
2026-03-01 13:53:49,271 - INFO - 获取UP主信息进度: 224/1241 (成功:223, 失败:0)
2026-03-01 13:53:54,857 - INFO - 获取UP主信息进度: 225/1241 (成功:224, 失败:0)
2026-03-01 13:53:59,080 - INFO - 获取UP主信息进度: 226/1241 (成功:225, 失败:0)
2026-03-01 13:54:04,590 - INFO - 获取UP主信息进度: 227/1241 (成功:226, 失败:0)
2026-03-01 13:54:08,582 - INFO - 获取UP主信息进度: 228/1241 (成功:227, 失败:0)
2026-03-01 13:54:11,751 - INFO - 获取UP主信息进度: 229/1241 (成功:228, 失败:0)
2026-03-01 13:54:16,154 - INFO - 获取UP主信息进度: 230/1241 (成功:229, 失败:0)
2026-03-01 13:54:19,949 - INFO - 获取UP主信息进度: 231/1241 (成功:230, 失败:0)
2026-03-01 13:54:25,597 - INFO - 获取UP主信息进度: 232/1241 (成功:231, 失败:0)
2026-03-01 13:54:30,898 - INFO - 获取UP主信息进度: 233/1241 (成功:232, 失败:0)
2026-03-01 13:54:36,277 - INFO - 获取UP主信息进度: 234/1241 (成功:233, 失败:0)
2026-03-01 13:54:40,647 - INFO - 获取UP主信息进度: 235/1241 (成功:234, 失败:0)
2026-03-01 13:54:45,262 - INFO - 获取UP主信息进度: 236/1241 (成功:235, 失败:0)
2026-03-01 13:54:50,264 - INFO - 获取UP主信息进度: 237/1241 (成功:236, 失败:0)
2026-03-01 13:54:54,608 - INFO - 获取UP主信息进度: 238/1241 (成功:237, 失败:0)
2026-03-01 13:54:57,806 - INFO - 获取UP主信息进度: 239/1241 (成功:238, 失败:0)
2026-03-01 13:55:01,167 - INFO - 获取UP主信息进度: 240/1241 (成功:239, 失败:0)
2026-03-01 13:55:05,616 - INFO - 获取UP主信息进度: 241/1241 (成功:240, 失败:0)
2026-03-01 13:55:09,840 - INFO - 获取UP主信息进度: 242/1241 (成功:241, 失败:0)
2026-03-01 13:55:13,845 - INFO - 获取UP主信息进度: 243/1241 (成功:242, 失败:0)
2026-03-01 13:55:18,669 - INFO - 获取UP主信息进度: 244/1241 (成功:243, 失败:0)
2026-03-01 13:55:24,724 - INFO - 获取UP主信息进度: 245/1241 (成功:244, 失败:0)
2026-03-01 13:55:30,181 - INFO - 获取UP主信息进度: 246/1241 (成功:245, 失败:0)
2026-03-01 13:55:34,718 - INFO - 获取UP主信息进度: 247/1241 (成功:246, 失败:0)
2026-03-01 13:55:39,717 - INFO - 获取UP主信息进度: 248/1241 (成功:247, 失败:0)
2026-03-01 13:55:44,670 - INFO - 获取UP主信息进度: 249/1241 (成功:248, 失败:0)
2026-03-01 13:55:49,271 - INFO - 获取UP主信息进度: 250/1241 (成功:249, 失败:0)
2026-03-01 13:55:49,272 - INFO - 已完成250个请求，休息17.6秒...
2026-03-01 13:56:11,802 - INFO - 获取UP主信息进度: 251/1241 (成功:250, 失败:0)
2026-03-01 13:56:15,328 - INFO - 获取UP主信息进度: 252/1241 (成功:251, 失败:0)
2026-03-01 13:56:20,660 - INFO - 获取UP主信息进度: 253/1241 (成功:252, 失败:0)
2026-03-01 13:56:26,023 - INFO - 获取UP主信息进度: 254/1241 (成功:253, 失败:0)
2026-03-01 13:56:31,515 - INFO - 获取UP主信息进度: 255/1241 (成功:254, 失败:0)
2026-03-01 13:56:35,186 - INFO - 获取UP主信息进度: 256/1241 (成功:255, 失败:0)
2026-03-01 13:56:40,222 - INFO - 获取UP主信息进度: 257/1241 (成功:256, 失败:0)
2026-03-01 13:56:45,994 - INFO - 获取UP主信息进度: 258/1241 (成功:257, 失败:0)
2026-03-01 13:56:51,034 - INFO - 获取UP主信息进度: 259/1241 (成功:258, 失败:0)
2026-03-01 13:56:54,259 - INFO - 获取UP主信息进度: 260/1241 (成功:259, 失败:0)
2026-03-01 13:56:57,397 - INFO - 获取UP主信息进度: 261/1241 (成功:260, 失败:0)
2026-03-01 13:57:02,539 - INFO - 获取UP主信息进度: 262/1241 (成功:261, 失败:0)
2026-03-01 13:57:06,858 - INFO - 获取UP主信息进度: 263/1241 (成功:262, 失败:0)
2026-03-01 13:57:11,580 - INFO - 获取UP主信息进度: 264/1241 (成功:263, 失败:0)
2026-03-01 13:57:16,807 - INFO - 获取UP主信息进度: 265/1241 (成功:264, 失败:0)
2026-03-01 13:57:20,954 - INFO - 获取UP主信息进度: 266/1241 (成功:265, 失败:0)
2026-03-01 13:57:24,328 - INFO - 获取UP主信息进度: 267/1241 (成功:266, 失败:0)
2026-03-01 13:57:29,011 - INFO - 获取UP主信息进度: 268/1241 (成功:267, 失败:0)
2026-03-01 13:57:34,106 - INFO - 获取UP主信息进度: 269/1241 (成功:268, 失败:0)
2026-03-01 13:57:37,229 - INFO - 获取UP主信息进度: 270/1241 (成功:269, 失败:0)
2026-03-01 13:57:41,692 - INFO - 获取UP主信息进度: 271/1241 (成功:270, 失败:0)
2026-03-01 13:57:47,980 - INFO - 获取UP主信息进度: 272/1241 (成功:271, 失败:0)
2026-03-01 13:57:52,909 - INFO - 获取UP主信息进度: 273/1241 (成功:272, 失败:0)
2026-03-01 13:57:57,516 - INFO - 获取UP主信息进度: 274/1241 (成功:273, 失败:0)
2026-03-01 13:58:02,423 - INFO - 获取UP主信息进度: 275/1241 (成功:274, 失败:0)
2026-03-01 13:58:07,838 - INFO - 获取UP主信息进度: 276/1241 (成功:275, 失败:0)
2026-03-01 13:58:10,996 - INFO - 获取UP主信息进度: 277/1241 (成功:276, 失败:0)
2026-03-01 13:58:16,971 - INFO - 获取UP主信息进度: 278/1241 (成功:277, 失败:0)
2026-03-01 13:58:21,671 - INFO - 获取UP主信息进度: 279/1241 (成功:278, 失败:0)
2026-03-01 13:58:27,457 - INFO - 获取UP主信息进度: 280/1241 (成功:279, 失败:0)
2026-03-01 13:58:32,925 - INFO - 获取UP主信息进度: 281/1241 (成功:280, 失败:0)
2026-03-01 13:58:36,517 - INFO - 获取UP主信息进度: 282/1241 (成功:281, 失败:0)
2026-03-01 13:58:40,524 - INFO - 获取UP主信息进度: 283/1241 (成功:282, 失败:0)
2026-03-01 13:58:43,801 - INFO - 获取UP主信息进度: 284/1241 (成功:283, 失败:0)
2026-03-01 13:58:47,744 - INFO - 获取UP主信息进度: 285/1241 (成功:284, 失败:0)
2026-03-01 13:58:52,768 - INFO - 获取UP主信息进度: 286/1241 (成功:285, 失败:0)
2026-03-01 13:58:58,282 - INFO - 获取UP主信息进度: 287/1241 (成功:286, 失败:0)
2026-03-01 13:59:02,476 - INFO - 获取UP主信息进度: 288/1241 (成功:287, 失败:0)
2026-03-01 13:59:08,213 - INFO - 获取UP主信息进度: 289/1241 (成功:288, 失败:0)
2026-03-01 13:59:12,237 - INFO - 获取UP主信息进度: 290/1241 (成功:289, 失败:0)
2026-03-01 13:59:16,111 - INFO - 获取UP主信息进度: 291/1241 (成功:290, 失败:0)
2026-03-01 13:59:20,808 - INFO - 获取UP主信息进度: 292/1241 (成功:291, 失败:0)
2026-03-01 13:59:26,334 - INFO - 获取UP主信息进度: 293/1241 (成功:292, 失败:0)
2026-03-01 13:59:29,942 - INFO - 获取UP主信息进度: 294/1241 (成功:293, 失败:0)
2026-03-01 13:59:33,683 - INFO - 获取UP主信息进度: 295/1241 (成功:294, 失败:0)
2026-03-01 13:59:37,327 - INFO - 获取UP主信息进度: 296/1241 (成功:295, 失败:0)
2026-03-01 13:59:41,479 - INFO - 获取UP主信息进度: 297/1241 (成功:296, 失败:0)
2026-03-01 13:59:47,715 - INFO - 获取UP主信息进度: 298/1241 (成功:297, 失败:0)
2026-03-01 13:59:51,983 - INFO - 获取UP主信息进度: 299/1241 (成功:298, 失败:0)
2026-03-01 13:59:55,576 - INFO - 获取UP主信息进度: 300/1241 (成功:299, 失败:0)
2026-03-01 13:59:55,577 - INFO - 已完成300个请求，休息18.9秒...
2026-03-01 14:00:29,564 - WARNING - 请求超时 (尝试 1/3)
2026-03-01 14:00:50,739 - INFO - 获取UP主信息进度: 301/1241 (成功:300, 失败:0)
2026-03-01 14:00:54,811 - INFO - 获取UP主信息进度: 302/1241 (成功:301, 失败:0)
2026-03-01 14:00:58,278 - INFO - 获取UP主信息进度: 303/1241 (成功:302, 失败:0)
2026-03-01 14:01:13,648 - WARNING - 请求超时 (尝试 1/3)
2026-03-01 14:01:28,542 - INFO - 获取UP主信息进度: 304/1241 (成功:303, 失败:0)
2026-03-01 14:01:33,962 - INFO - 获取UP主信息进度: 305/1241 (成功:304, 失败:0)
2026-03-01 14:01:38,565 - INFO - 获取UP主信息进度: 306/1241 (成功:305, 失败:0)
2026-03-01 14:01:44,401 - INFO - 获取UP主信息进度: 307/1241 (成功:306, 失败:0)
2026-03-01 14:01:49,764 - INFO - 获取UP主信息进度: 308/1241 (成功:307, 失败:0)
2026-03-01 14:01:53,604 - INFO - 获取UP主信息进度: 309/1241 (成功:308, 失败:0)
2026-03-01 14:01:59,319 - INFO - 获取UP主信息进度: 310/1241 (成功:309, 失败:0)
2026-03-01 14:02:03,843 - INFO - 获取UP主信息进度: 311/1241 (成功:310, 失败:0)
2026-03-01 14:02:09,168 - INFO - 获取UP主信息进度: 312/1241 (成功:311, 失败:0)
2026-03-01 14:02:12,873 - INFO - 获取UP主信息进度: 313/1241 (成功:312, 失败:0)
2026-03-01 14:02:19,002 - INFO - 获取UP主信息进度: 314/1241 (成功:313, 失败:0)
2026-03-01 14:02:22,171 - INFO - 获取UP主信息进度: 315/1241 (成功:314, 失败:0)
2026-03-01 14:02:25,724 - INFO - 获取UP主信息进度: 316/1241 (成功:315, 失败:0)
2026-03-01 14:02:31,559 - INFO - 获取UP主信息进度: 317/1241 (成功:316, 失败:0)
2026-03-01 14:02:36,356 - INFO - 获取UP主信息进度: 318/1241 (成功:317, 失败:0)
2026-03-01 14:02:39,634 - INFO - 获取UP主信息进度: 319/1241 (成功:318, 失败:0)
2026-03-01 14:02:44,159 - INFO - 获取UP主信息进度: 320/1241 (成功:319, 失败:0)
2026-03-01 14:02:50,231 - INFO - 获取UP主信息进度: 321/1241 (成功:320, 失败:0)
2026-03-01 14:02:53,967 - INFO - 获取UP主信息进度: 322/1241 (成功:321, 失败:0)
2026-03-01 14:03:00,288 - INFO - 获取UP主信息进度: 323/1241 (成功:322, 失败:0)
2026-03-01 14:03:03,831 - INFO - 获取UP主信息进度: 324/1241 (成功:323, 失败:0)
2026-03-01 14:03:07,588 - INFO - 获取UP主信息进度: 325/1241 (成功:324, 失败:0)
2026-03-01 14:03:11,099 - INFO - 获取UP主信息进度: 326/1241 (成功:325, 失败:0)
2026-03-01 14:03:14,623 - INFO - 获取UP主信息进度: 327/1241 (成功:326, 失败:0)
2026-03-01 14:03:17,869 - INFO - 获取UP主信息进度: 328/1241 (成功:327, 失败:0)
2026-03-01 14:03:23,775 - INFO - 获取UP主信息进度: 329/1241 (成功:328, 失败:0)
2026-03-01 14:03:29,313 - INFO - 获取UP主信息进度: 330/1241 (成功:329, 失败:0)
2026-03-01 14:03:33,145 - INFO - 获取UP主信息进度: 331/1241 (成功:330, 失败:0)
2026-03-01 14:03:36,923 - INFO - 获取UP主信息进度: 332/1241 (成功:331, 失败:0)
2026-03-01 14:03:42,103 - INFO - 获取UP主信息进度: 333/1241 (成功:332, 失败:0)
2026-03-01 14:03:45,439 - INFO - 获取UP主信息进度: 334/1241 (成功:333, 失败:0)
2026-03-01 14:03:50,094 - INFO - 获取UP主信息进度: 335/1241 (成功:334, 失败:0)
2026-03-01 14:03:54,009 - INFO - 获取UP主信息进度: 336/1241 (成功:335, 失败:0)
2026-03-01 14:03:58,586 - INFO - 获取UP主信息进度: 337/1241 (成功:336, 失败:0)
2026-03-01 14:04:03,401 - INFO - 获取UP主信息进度: 338/1241 (成功:337, 失败:0)
2026-03-01 14:04:08,533 - INFO - 获取UP主信息进度: 339/1241 (成功:338, 失败:0)
2026-03-01 14:04:13,574 - INFO - 获取UP主信息进度: 340/1241 (成功:339, 失败:0)
2026-03-01 14:04:17,119 - INFO - 获取UP主信息进度: 341/1241 (成功:340, 失败:0)
2026-03-01 14:04:22,099 - INFO - 获取UP主信息进度: 342/1241 (成功:341, 失败:0)
2026-03-01 14:04:27,395 - INFO - 获取UP主信息进度: 343/1241 (成功:342, 失败:0)
2026-03-01 14:04:31,851 - INFO - 获取UP主信息进度: 344/1241 (成功:343, 失败:0)
2026-03-01 14:04:35,547 - INFO - 获取UP主信息进度: 345/1241 (成功:344, 失败:0)
2026-03-01 14:04:40,401 - INFO - 获取UP主信息进度: 346/1241 (成功:345, 失败:0)
2026-03-01 14:04:43,764 - INFO - 获取UP主信息进度: 347/1241 (成功:346, 失败:0)
2026-03-01 14:04:49,604 - INFO - 获取UP主信息进度: 348/1241 (成功:347, 失败:0)
2026-03-01 14:04:52,836 - INFO - 获取UP主信息进度: 349/1241 (成功:348, 失败:0)
2026-03-01 14:04:57,767 - INFO - 获取UP主信息进度: 350/1241 (成功:349, 失败:0)
2026-03-01 14:04:57,767 - INFO - 已完成350个请求，休息14.1秒...
2026-03-01 14:05:17,223 - INFO - 获取UP主信息进度: 351/1241 (成功:350, 失败:0)
2026-03-01 14:05:21,271 - INFO - 获取UP主信息进度: 352/1241 (成功:351, 失败:0)
2026-03-01 14:05:26,018 - INFO - 获取UP主信息进度: 353/1241 (成功:352, 失败:0)
2026-03-01 14:05:30,429 - INFO - 获取UP主信息进度: 354/1241 (成功:353, 失败:0)
2026-03-01 14:05:36,187 - INFO - 获取UP主信息进度: 355/1241 (成功:354, 失败:0)
2026-03-01 14:05:41,005 - INFO - 获取UP主信息进度: 356/1241 (成功:355, 失败:0)
2026-03-01 14:05:45,985 - INFO - 获取UP主信息进度: 357/1241 (成功:356, 失败:0)
2026-03-01 14:05:50,839 - INFO - 获取UP主信息进度: 358/1241 (成功:357, 失败:0)
2026-03-01 14:05:54,832 - INFO - 获取UP主信息进度: 359/1241 (成功:358, 失败:0)
2026-03-01 14:05:58,709 - INFO - 获取UP主信息进度: 360/1241 (成功:359, 失败:0)
2026-03-01 14:06:03,024 - INFO - 获取UP主信息进度: 361/1241 (成功:360, 失败:0)
2026-03-01 14:06:06,645 - INFO - 获取UP主信息进度: 362/1241 (成功:361, 失败:0)
2026-03-01 14:06:11,831 - INFO - 获取UP主信息进度: 363/1241 (成功:362, 失败:0)
2026-03-01 14:06:16,187 - INFO - 获取UP主信息进度: 364/1241 (成功:363, 失败:0)
2026-03-01 14:06:20,710 - INFO - 获取UP主信息进度: 365/1241 (成功:364, 失败:0)
2026-03-01 14:06:23,973 - INFO - 获取UP主信息进度: 366/1241 (成功:365, 失败:0)
2026-03-01 14:06:28,067 - INFO - 获取UP主信息进度: 367/1241 (成功:366, 失败:0)
2026-03-01 14:06:32,853 - INFO - 获取UP主信息进度: 368/1241 (成功:367, 失败:0)
2026-03-01 14:06:38,294 - INFO - 获取UP主信息进度: 369/1241 (成功:368, 失败:0)
2026-03-01 14:06:41,428 - INFO - 获取UP主信息进度: 370/1241 (成功:369, 失败:0)
2026-03-01 14:06:46,340 - INFO - 获取UP主信息进度: 371/1241 (成功:370, 失败:0)
2026-03-01 14:06:51,769 - INFO - 获取UP主信息进度: 372/1241 (成功:371, 失败:0)
2026-03-01 14:06:56,523 - INFO - 获取UP主信息进度: 373/1241 (成功:372, 失败:0)
2026-03-01 14:07:00,041 - INFO - 获取UP主信息进度: 374/1241 (成功:373, 失败:0)
2026-03-01 14:07:05,629 - INFO - 获取UP主信息进度: 375/1241 (成功:374, 失败:0)
2026-03-01 14:07:09,585 - INFO - 获取UP主信息进度: 376/1241 (成功:375, 失败:0)
2026-03-01 14:07:14,572 - INFO - 获取UP主信息进度: 377/1241 (成功:376, 失败:0)
2026-03-01 14:07:19,184 - INFO - 获取UP主信息进度: 378/1241 (成功:377, 失败:0)
2026-03-01 14:07:23,591 - INFO - 获取UP主信息进度: 379/1241 (成功:378, 失败:0)
2026-03-01 14:07:26,899 - INFO - 获取UP主信息进度: 380/1241 (成功:379, 失败:0)
2026-03-01 14:07:30,089 - INFO - 获取UP主信息进度: 381/1241 (成功:380, 失败:0)
2026-03-01 14:07:33,692 - INFO - 获取UP主信息进度: 382/1241 (成功:381, 失败:0)
2026-03-01 14:07:37,042 - INFO - 获取UP主信息进度: 383/1241 (成功:382, 失败:0)
2026-03-01 14:07:42,794 - INFO - 获取UP主信息进度: 384/1241 (成功:383, 失败:0)
2026-03-01 14:07:47,415 - INFO - 获取UP主信息进度: 385/1241 (成功:384, 失败:0)
2026-03-01 14:07:53,363 - INFO - 获取UP主信息进度: 386/1241 (成功:385, 失败:0)
2026-03-01 14:07:57,464 - INFO - 获取UP主信息进度: 387/1241 (成功:386, 失败:0)
2026-03-01 14:08:03,080 - INFO - 获取UP主信息进度: 388/1241 (成功:387, 失败:0)
2026-03-01 14:08:08,375 - INFO - 获取UP主信息进度: 389/1241 (成功:388, 失败:0)
2026-03-01 14:08:14,212 - INFO - 获取UP主信息进度: 390/1241 (成功:389, 失败:0)
2026-03-01 14:08:18,063 - INFO - 获取UP主信息进度: 391/1241 (成功:390, 失败:0)
2026-03-01 14:08:21,854 - INFO - 获取UP主信息进度: 392/1241 (成功:391, 失败:0)
2026-03-01 14:08:26,120 - INFO - 获取UP主信息进度: 393/1241 (成功:392, 失败:0)
2026-03-01 14:08:31,921 - INFO - 获取UP主信息进度: 394/1241 (成功:393, 失败:0)
2026-03-01 14:08:36,076 - INFO - 获取UP主信息进度: 395/1241 (成功:394, 失败:0)
2026-03-01 14:08:40,868 - INFO - 获取UP主信息进度: 396/1241 (成功:395, 失败:0)
2026-03-01 14:08:44,063 - INFO - 获取UP主信息进度: 397/1241 (成功:396, 失败:0)
2026-03-01 14:08:48,601 - INFO - 获取UP主信息进度: 398/1241 (成功:397, 失败:0)
2026-03-01 14:08:52,649 - INFO - 获取UP主信息进度: 399/1241 (成功:398, 失败:0)
2026-03-01 14:08:57,186 - INFO - 获取UP主信息进度: 400/1241 (成功:399, 失败:0)
2026-03-01 14:08:57,187 - INFO - 已完成400个请求，休息10.9秒...
2026-03-01 14:09:13,008 - INFO - 获取UP主信息进度: 401/1241 (成功:400, 失败:0)
2026-03-01 14:09:18,074 - INFO - 获取UP主信息进度: 402/1241 (成功:401, 失败:0)
2026-03-01 14:09:21,589 - INFO - 获取UP主信息进度: 403/1241 (成功:402, 失败:0)
2026-03-01 14:09:25,463 - INFO - 获取UP主信息进度: 404/1241 (成功:403, 失败:0)
2026-03-01 14:09:30,551 - INFO - 获取UP主信息进度: 405/1241 (成功:404, 失败:0)
2026-03-01 14:09:35,398 - INFO - 获取UP主信息进度: 406/1241 (成功:405, 失败:0)
2026-03-01 14:09:38,794 - INFO - 获取UP主信息进度: 407/1241 (成功:406, 失败:0)
2026-03-01 14:09:42,720 - INFO - 获取UP主信息进度: 408/1241 (成功:407, 失败:0)
2026-03-01 14:09:48,231 - INFO - 获取UP主信息进度: 409/1241 (成功:408, 失败:0)
2026-03-01 14:09:52,616 - INFO - 获取UP主信息进度: 410/1241 (成功:409, 失败:0)
2026-03-01 14:09:55,800 - INFO - 获取UP主信息进度: 411/1241 (成功:410, 失败:0)
2026-03-01 14:10:00,809 - INFO - 获取UP主信息进度: 412/1241 (成功:411, 失败:0)
2026-03-01 14:10:05,913 - INFO - 获取UP主信息进度: 413/1241 (成功:412, 失败:0)
2026-03-01 14:10:11,408 - INFO - 获取UP主信息进度: 414/1241 (成功:413, 失败:0)
2026-03-01 14:10:15,242 - INFO - 获取UP主信息进度: 415/1241 (成功:414, 失败:0)
2026-03-01 14:10:20,988 - INFO - 获取UP主信息进度: 416/1241 (成功:415, 失败:0)
2026-03-01 14:10:26,833 - INFO - 获取UP主信息进度: 417/1241 (成功:416, 失败:0)
2026-03-01 14:10:30,559 - INFO - 获取UP主信息进度: 418/1241 (成功:417, 失败:0)
2026-03-01 14:10:36,462 - INFO - 获取UP主信息进度: 419/1241 (成功:418, 失败:0)
2026-03-01 14:10:40,066 - INFO - 获取UP主信息进度: 420/1241 (成功:419, 失败:0)
2026-03-01 14:10:43,211 - INFO - 获取UP主信息进度: 421/1241 (成功:420, 失败:0)
2026-03-01 14:10:47,702 - INFO - 获取UP主信息进度: 422/1241 (成功:421, 失败:0)
2026-03-01 14:10:52,086 - INFO - 获取UP主信息进度: 423/1241 (成功:422, 失败:0)
2026-03-01 14:10:57,442 - INFO - 获取UP主信息进度: 424/1241 (成功:423, 失败:0)
2026-03-01 14:11:03,174 - INFO - 获取UP主信息进度: 425/1241 (成功:424, 失败:0)
2026-03-01 14:11:06,983 - INFO - 获取UP主信息进度: 426/1241 (成功:425, 失败:0)
2026-03-01 14:11:11,188 - INFO - 获取UP主信息进度: 427/1241 (成功:426, 失败:0)
2026-03-01 14:11:16,448 - INFO - 获取UP主信息进度: 428/1241 (成功:427, 失败:0)
2026-03-01 14:11:20,121 - INFO - 获取UP主信息进度: 429/1241 (成功:428, 失败:0)
2026-03-01 14:11:23,766 - INFO - 获取UP主信息进度: 430/1241 (成功:429, 失败:0)
2026-03-01 14:11:29,128 - INFO - 获取UP主信息进度: 431/1241 (成功:430, 失败:0)
2026-03-01 14:11:34,585 - INFO - 获取UP主信息进度: 432/1241 (成功:431, 失败:0)
2026-03-01 14:11:38,802 - INFO - 获取UP主信息进度: 433/1241 (成功:432, 失败:0)
2026-03-01 14:11:43,515 - INFO - 获取UP主信息进度: 434/1241 (成功:433, 失败:0)
2026-03-01 14:11:49,550 - INFO - 获取UP主信息进度: 435/1241 (成功:434, 失败:0)
2026-03-01 14:11:52,907 - INFO - 获取UP主信息进度: 436/1241 (成功:435, 失败:0)
2026-03-01 14:11:57,872 - INFO - 获取UP主信息进度: 437/1241 (成功:436, 失败:0)
2026-03-01 14:12:01,429 - INFO - 获取UP主信息进度: 438/1241 (成功:437, 失败:0)
2026-03-01 14:12:05,025 - INFO - 获取UP主信息进度: 439/1241 (成功:438, 失败:0)
2026-03-01 14:12:09,269 - INFO - 获取UP主信息进度: 440/1241 (成功:439, 失败:0)
2026-03-01 14:12:13,623 - INFO - 获取UP主信息进度: 441/1241 (成功:440, 失败:0)
2026-03-01 14:12:19,954 - INFO - 获取UP主信息进度: 442/1241 (成功:441, 失败:0)
2026-03-01 14:12:25,580 - INFO - 获取UP主信息进度: 443/1241 (成功:442, 失败:0)
2026-03-01 14:12:29,136 - INFO - 获取UP主信息进度: 444/1241 (成功:443, 失败:0)
2026-03-01 14:12:34,555 - INFO - 获取UP主信息进度: 445/1241 (成功:444, 失败:0)
2026-03-01 14:12:40,495 - INFO - 获取UP主信息进度: 446/1241 (成功:445, 失败:0)
2026-03-01 14:12:45,048 - INFO - 获取UP主信息进度: 447/1241 (成功:446, 失败:0)
2026-03-01 14:12:50,056 - INFO - 获取UP主信息进度: 448/1241 (成功:447, 失败:0)
2026-03-01 14:12:55,795 - INFO - 获取UP主信息进度: 449/1241 (成功:448, 失败:0)
2026-03-01 14:13:01,668 - INFO - 获取UP主信息进度: 450/1241 (成功:449, 失败:0)
2026-03-01 14:13:01,669 - INFO - 已完成450个请求，休息15.1秒...
2026-03-01 14:13:20,304 - INFO - 获取UP主信息进度: 451/1241 (成功:450, 失败:0)
2026-03-01 14:13:24,550 - INFO - 获取UP主信息进度: 452/1241 (成功:451, 失败:0)
2026-03-01 14:13:30,738 - INFO - 获取UP主信息进度: 453/1241 (成功:452, 失败:0)
2026-03-01 14:13:35,150 - INFO - 获取UP主信息进度: 454/1241 (成功:453, 失败:0)
2026-03-01 14:13:41,437 - INFO - 获取UP主信息进度: 455/1241 (成功:454, 失败:0)
2026-03-01 14:13:44,689 - INFO - 获取UP主信息进度: 456/1241 (成功:455, 失败:0)
2026-03-01 14:13:49,553 - INFO - 获取UP主信息进度: 457/1241 (成功:456, 失败:0)
2026-03-01 14:13:55,855 - INFO - 获取UP主信息进度: 458/1241 (成功:457, 失败:0)
2026-03-01 14:14:00,552 - INFO - 获取UP主信息进度: 459/1241 (成功:458, 失败:0)
2026-03-01 14:14:04,758 - INFO - 获取UP主信息进度: 460/1241 (成功:459, 失败:0)
2026-03-01 14:14:07,889 - INFO - 获取UP主信息进度: 461/1241 (成功:460, 失败:0)
2026-03-01 14:14:11,135 - INFO - 获取UP主信息进度: 462/1241 (成功:461, 失败:0)
2026-03-01 14:14:16,190 - INFO - 获取UP主信息进度: 463/1241 (成功:462, 失败:0)
2026-03-01 14:14:19,956 - INFO - 获取UP主信息进度: 464/1241 (成功:463, 失败:0)
2026-03-01 14:14:24,725 - INFO - 获取UP主信息进度: 465/1241 (成功:464, 失败:0)
2026-03-01 14:14:29,393 - INFO - 获取UP主信息进度: 466/1241 (成功:465, 失败:0)
2026-03-01 14:14:35,099 - INFO - 获取UP主信息进度: 467/1241 (成功:466, 失败:0)
2026-03-01 14:14:39,120 - INFO - 获取UP主信息进度: 468/1241 (成功:467, 失败:0)
2026-03-01 14:14:44,642 - INFO - 获取UP主信息进度: 469/1241 (成功:468, 失败:0)
2026-03-01 14:14:48,054 - INFO - 获取UP主信息进度: 470/1241 (成功:469, 失败:0)
2026-03-01 14:14:52,599 - INFO - 获取UP主信息进度: 471/1241 (成功:470, 失败:0)
2026-03-01 14:14:56,819 - INFO - 获取UP主信息进度: 472/1241 (成功:471, 失败:0)
2026-03-01 14:15:00,767 - INFO - 获取UP主信息进度: 473/1241 (成功:472, 失败:0)
2026-03-01 14:15:03,943 - INFO - 获取UP主信息进度: 474/1241 (成功:473, 失败:0)
2026-03-01 14:15:09,565 - INFO - 获取UP主信息进度: 475/1241 (成功:474, 失败:0)
2026-03-01 14:15:12,927 - INFO - 获取UP主信息进度: 476/1241 (成功:475, 失败:0)
2026-03-01 14:15:16,779 - INFO - 获取UP主信息进度: 477/1241 (成功:476, 失败:0)
2026-03-01 14:15:21,452 - INFO - 获取UP主信息进度: 478/1241 (成功:477, 失败:0)
2026-03-01 14:15:25,104 - INFO - 获取UP主信息进度: 479/1241 (成功:478, 失败:0)
2026-03-01 14:15:30,196 - INFO - 获取UP主信息进度: 480/1241 (成功:479, 失败:0)
2026-03-01 14:15:33,830 - INFO - 获取UP主信息进度: 481/1241 (成功:480, 失败:0)
2026-03-01 14:15:37,450 - INFO - 获取UP主信息进度: 482/1241 (成功:481, 失败:0)
2026-03-01 14:15:42,147 - INFO - 获取UP主信息进度: 483/1241 (成功:482, 失败:0)
2026-03-01 14:15:48,356 - INFO - 获取UP主信息进度: 484/1241 (成功:483, 失败:0)
2026-03-01 14:15:54,638 - INFO - 获取UP主信息进度: 485/1241 (成功:484, 失败:0)
2026-03-01 14:15:58,255 - INFO - 获取UP主信息进度: 486/1241 (成功:485, 失败:0)
2026-03-01 14:16:02,483 - INFO - 获取UP主信息进度: 487/1241 (成功:486, 失败:0)
2026-03-01 14:16:06,252 - INFO - 获取UP主信息进度: 488/1241 (成功:487, 失败:0)
2026-03-01 14:16:10,372 - INFO - 获取UP主信息进度: 489/1241 (成功:488, 失败:0)
2026-03-01 14:16:13,674 - INFO - 获取UP主信息进度: 490/1241 (成功:489, 失败:0)
2026-03-01 14:16:17,929 - INFO - 获取UP主信息进度: 491/1241 (成功:490, 失败:0)
2026-03-01 14:16:21,847 - INFO - 获取UP主信息进度: 492/1241 (成功:491, 失败:0)
2026-03-01 14:16:25,381 - INFO - 获取UP主信息进度: 493/1241 (成功:492, 失败:0)
2026-03-01 14:16:28,557 - INFO - 获取UP主信息进度: 494/1241 (成功:493, 失败:0)
2026-03-01 14:16:33,019 - INFO - 获取UP主信息进度: 495/1241 (成功:494, 失败:0)
2026-03-01 14:16:36,803 - INFO - 获取UP主信息进度: 496/1241 (成功:495, 失败:0)
2026-03-01 14:16:42,145 - INFO - 获取UP主信息进度: 497/1241 (成功:496, 失败:0)
2026-03-01 14:16:47,661 - INFO - 获取UP主信息进度: 498/1241 (成功:497, 失败:0)
2026-03-01 14:16:53,029 - INFO - 获取UP主信息进度: 499/1241 (成功:498, 失败:0)
2026-03-01 14:16:57,772 - INFO - 获取UP主信息进度: 500/1241 (成功:499, 失败:0)
2026-03-01 14:16:57,773 - INFO - 已完成500个请求，休息14.2秒...
2026-03-01 14:17:15,690 - INFO - 获取UP主信息进度: 501/1241 (成功:500, 失败:0)
2026-03-01 14:17:20,338 - INFO - 获取UP主信息进度: 502/1241 (成功:501, 失败:0)
2026-03-01 14:17:24,762 - INFO - 获取UP主信息进度: 503/1241 (成功:502, 失败:0)
2026-03-01 14:17:28,942 - INFO - 获取UP主信息进度: 504/1241 (成功:503, 失败:0)
2026-03-01 14:17:33,373 - INFO - 获取UP主信息进度: 505/1241 (成功:504, 失败:0)
2026-03-01 14:17:38,421 - INFO - 获取UP主信息进度: 506/1241 (成功:505, 失败:0)
2026-03-01 14:17:42,790 - INFO - 获取UP主信息进度: 507/1241 (成功:506, 失败:0)
2026-03-01 14:17:47,607 - INFO - 获取UP主信息进度: 508/1241 (成功:507, 失败:0)
2026-03-01 14:17:52,171 - INFO - 获取UP主信息进度: 509/1241 (成功:508, 失败:0)
2026-03-01 14:17:55,925 - INFO - 获取UP主信息进度: 510/1241 (成功:509, 失败:0)
2026-03-01 14:18:00,852 - INFO - 获取UP主信息进度: 511/1241 (成功:510, 失败:0)
2026-03-01 14:18:05,463 - INFO - 获取UP主信息进度: 512/1241 (成功:511, 失败:0)
2026-03-01 14:18:11,519 - INFO - 获取UP主信息进度: 513/1241 (成功:512, 失败:0)
2026-03-01 14:18:16,866 - INFO - 获取UP主信息进度: 514/1241 (成功:513, 失败:0)
2026-03-01 14:18:20,956 - INFO - 获取UP主信息进度: 515/1241 (成功:514, 失败:0)
2026-03-01 14:18:26,539 - INFO - 获取UP主信息进度: 516/1241 (成功:515, 失败:0)
2026-03-01 14:18:30,945 - INFO - 获取UP主信息进度: 517/1241 (成功:516, 失败:0)
2026-03-01 14:18:35,171 - INFO - 获取UP主信息进度: 518/1241 (成功:517, 失败:0)
2026-03-01 14:18:40,146 - INFO - 获取UP主信息进度: 519/1241 (成功:518, 失败:0)
2026-03-01 14:18:45,196 - INFO - 获取UP主信息进度: 520/1241 (成功:519, 失败:0)
2026-03-01 14:18:50,550 - INFO - 获取UP主信息进度: 521/1241 (成功:520, 失败:0)
2026-03-01 14:18:54,435 - INFO - 获取UP主信息进度: 522/1241 (成功:521, 失败:0)
2026-03-01 14:18:58,715 - INFO - 获取UP主信息进度: 523/1241 (成功:522, 失败:0)
2026-03-01 14:19:04,195 - INFO - 获取UP主信息进度: 524/1241 (成功:523, 失败:0)
2026-03-01 14:19:07,369 - INFO - 获取UP主信息进度: 525/1241 (成功:524, 失败:0)
2026-03-01 14:19:13,435 - INFO - 获取UP主信息进度: 526/1241 (成功:525, 失败:0)
2026-03-01 14:19:18,387 - INFO - 获取UP主信息进度: 527/1241 (成功:526, 失败:0)
2026-03-01 14:19:22,031 - INFO - 获取UP主信息进度: 528/1241 (成功:527, 失败:0)
2026-03-01 14:19:25,191 - INFO - 获取UP主信息进度: 529/1241 (成功:528, 失败:0)
2026-03-01 14:19:28,693 - INFO - 获取UP主信息进度: 530/1241 (成功:529, 失败:0)
2026-03-01 14:19:32,506 - INFO - 获取UP主信息进度: 531/1241 (成功:530, 失败:0)
2026-03-01 14:19:38,826 - INFO - 获取UP主信息进度: 532/1241 (成功:531, 失败:0)
2026-03-01 14:19:44,901 - INFO - 获取UP主信息进度: 533/1241 (成功:532, 失败:0)
2026-03-01 14:19:50,381 - INFO - 获取UP主信息进度: 534/1241 (成功:533, 失败:0)
2026-03-01 14:19:54,988 - INFO - 获取UP主信息进度: 535/1241 (成功:534, 失败:0)
2026-03-01 14:19:59,844 - INFO - 获取UP主信息进度: 536/1241 (成功:535, 失败:0)
2026-03-01 14:20:04,923 - INFO - 获取UP主信息进度: 537/1241 (成功:536, 失败:0)
2026-03-01 14:20:09,304 - INFO - 获取UP主信息进度: 538/1241 (成功:537, 失败:0)
2026-03-01 14:20:14,368 - INFO - 获取UP主信息进度: 539/1241 (成功:538, 失败:0)
2026-03-01 14:20:19,934 - INFO - 获取UP主信息进度: 540/1241 (成功:539, 失败:0)
2026-03-01 14:20:25,160 - INFO - 获取UP主信息进度: 541/1241 (成功:540, 失败:0)
2026-03-01 14:20:29,162 - INFO - 获取UP主信息进度: 542/1241 (成功:541, 失败:0)
2026-03-01 14:20:33,282 - INFO - 获取UP主信息进度: 543/1241 (成功:542, 失败:0)
2026-03-01 14:20:38,673 - INFO - 获取UP主信息进度: 544/1241 (成功:543, 失败:0)
2026-03-01 14:20:42,842 - INFO - 获取UP主信息进度: 545/1241 (成功:544, 失败:0)
2026-03-01 14:20:46,461 - INFO - 获取UP主信息进度: 546/1241 (成功:545, 失败:0)
2026-03-01 14:20:50,482 - INFO - 获取UP主信息进度: 547/1241 (成功:546, 失败:0)
2026-03-01 14:20:54,215 - INFO - 获取UP主信息进度: 548/1241 (成功:547, 失败:0)
2026-03-01 14:20:58,126 - INFO - 获取UP主信息进度: 549/1241 (成功:548, 失败:0)
2026-03-01 14:21:02,648 - INFO - 获取UP主信息进度: 550/1241 (成功:549, 失败:0)
2026-03-01 14:21:02,649 - INFO - 已完成550个请求，休息14.0秒...
2026-03-01 14:21:20,712 - INFO - 获取UP主信息进度: 551/1241 (成功:550, 失败:0)
2026-03-01 14:21:24,562 - INFO - 获取UP主信息进度: 552/1241 (成功:551, 失败:0)
2026-03-01 14:21:29,966 - INFO - 获取UP主信息进度: 553/1241 (成功:552, 失败:0)
2026-03-01 14:21:35,379 - INFO - 获取UP主信息进度: 554/1241 (成功:553, 失败:0)
2026-03-01 14:21:40,519 - INFO - 获取UP主信息进度: 555/1241 (成功:554, 失败:0)
2026-03-01 14:21:45,156 - INFO - 获取UP主信息进度: 556/1241 (成功:555, 失败:0)
2026-03-01 14:21:51,018 - INFO - 获取UP主信息进度: 557/1241 (成功:556, 失败:0)
2026-03-01 14:21:55,372 - INFO - 获取UP主信息进度: 558/1241 (成功:557, 失败:0)
2026-03-01 14:21:58,539 - INFO - 获取UP主信息进度: 559/1241 (成功:558, 失败:0)
2026-03-01 14:22:03,732 - INFO - 获取UP主信息进度: 560/1241 (成功:559, 失败:0)
2026-03-01 14:22:09,114 - INFO - 获取UP主信息进度: 561/1241 (成功:560, 失败:0)
2026-03-01 14:22:14,074 - INFO - 获取UP主信息进度: 562/1241 (成功:561, 失败:0)
2026-03-01 14:22:19,850 - INFO - 获取UP主信息进度: 563/1241 (成功:562, 失败:0)
2026-03-01 14:22:24,758 - INFO - 获取UP主信息进度: 564/1241 (成功:563, 失败:0)
2026-03-01 14:22:29,053 - INFO - 获取UP主信息进度: 565/1241 (成功:564, 失败:0)
2026-03-01 14:22:32,862 - INFO - 获取UP主信息进度: 566/1241 (成功:565, 失败:0)
2026-03-01 14:22:38,683 - INFO - 获取UP主信息进度: 567/1241 (成功:566, 失败:0)
2026-03-01 14:22:44,152 - INFO - 获取UP主信息进度: 568/1241 (成功:567, 失败:0)
2026-03-01 14:22:49,975 - INFO - 获取UP主信息进度: 569/1241 (成功:568, 失败:0)
2026-03-01 14:22:54,069 - INFO - 获取UP主信息进度: 570/1241 (成功:569, 失败:0)
2026-03-01 14:22:57,765 - INFO - 获取UP主信息进度: 571/1241 (成功:570, 失败:0)
2026-03-01 14:23:03,108 - INFO - 获取UP主信息进度: 572/1241 (成功:571, 失败:0)
2026-03-01 14:23:07,561 - INFO - 获取UP主信息进度: 573/1241 (成功:572, 失败:0)
2026-03-01 14:23:11,358 - INFO - 获取UP主信息进度: 574/1241 (成功:573, 失败:0)
2026-03-01 14:23:15,448 - INFO - 获取UP主信息进度: 575/1241 (成功:574, 失败:0)
2026-03-01 14:23:20,336 - INFO - 获取UP主信息进度: 576/1241 (成功:575, 失败:0)
2026-03-01 14:23:26,212 - INFO - 获取UP主信息进度: 577/1241 (成功:576, 失败:0)
2026-03-01 14:23:32,052 - INFO - 获取UP主信息进度: 578/1241 (成功:577, 失败:0)
2026-03-01 14:23:36,078 - INFO - 获取UP主信息进度: 579/1241 (成功:578, 失败:0)
2026-03-01 14:23:40,071 - INFO - 获取UP主信息进度: 580/1241 (成功:579, 失败:0)
2026-03-01 14:23:44,457 - INFO - 获取UP主信息进度: 581/1241 (成功:580, 失败:0)
2026-03-01 14:23:49,192 - INFO - 获取UP主信息进度: 582/1241 (成功:581, 失败:0)
2026-03-01 14:23:53,201 - INFO - 获取UP主信息进度: 583/1241 (成功:582, 失败:0)
2026-03-01 14:23:58,654 - INFO - 获取UP主信息进度: 584/1241 (成功:583, 失败:0)
2026-03-01 14:24:04,622 - INFO - 获取UP主信息进度: 585/1241 (成功:584, 失败:0)
2026-03-01 14:24:08,940 - INFO - 获取UP主信息进度: 586/1241 (成功:585, 失败:0)
2026-03-01 14:24:13,193 - INFO - 获取UP主信息进度: 587/1241 (成功:586, 失败:0)
2026-03-01 14:24:18,331 - INFO - 获取UP主信息进度: 588/1241 (成功:587, 失败:0)
2026-03-01 14:24:23,014 - INFO - 获取UP主信息进度: 589/1241 (成功:588, 失败:0)
2026-03-01 14:24:28,577 - INFO - 获取UP主信息进度: 590/1241 (成功:589, 失败:0)
2026-03-01 14:24:31,827 - INFO - 获取UP主信息进度: 591/1241 (成功:590, 失败:0)
2026-03-01 14:24:37,601 - INFO - 获取UP主信息进度: 592/1241 (成功:591, 失败:0)
2026-03-01 14:24:42,674 - INFO - 获取UP主信息进度: 593/1241 (成功:592, 失败:0)
2026-03-01 14:24:47,877 - INFO - 获取UP主信息进度: 594/1241 (成功:593, 失败:0)
2026-03-01 14:24:52,389 - INFO - 获取UP主信息进度: 595/1241 (成功:594, 失败:0)
2026-03-01 14:24:56,369 - INFO - 获取UP主信息进度: 596/1241 (成功:595, 失败:0)
2026-03-01 14:25:02,311 - INFO - 获取UP主信息进度: 597/1241 (成功:596, 失败:0)
2026-03-01 14:25:06,667 - INFO - 获取UP主信息进度: 598/1241 (成功:597, 失败:0)
2026-03-01 14:25:10,997 - INFO - 获取UP主信息进度: 599/1241 (成功:598, 失败:0)
2026-03-01 14:25:14,880 - INFO - 获取UP主信息进度: 600/1241 (成功:599, 失败:0)
2026-03-01 14:25:14,881 - INFO - 已完成600个请求，休息15.9秒...
2026-03-01 14:25:36,117 - INFO - 获取UP主信息进度: 601/1241 (成功:600, 失败:0)
2026-03-01 14:25:39,285 - INFO - 获取UP主信息进度: 602/1241 (成功:601, 失败:0)
2026-03-01 14:25:44,139 - INFO - 获取UP主信息进度: 603/1241 (成功:602, 失败:0)
2026-03-01 14:25:48,643 - INFO - 获取UP主信息进度: 604/1241 (成功:603, 失败:0)
2026-03-01 14:25:52,257 - INFO - 获取UP主信息进度: 605/1241 (成功:604, 失败:0)
2026-03-01 14:25:56,524 - INFO - 获取UP主信息进度: 606/1241 (成功:605, 失败:0)
2026-03-01 14:26:02,045 - INFO - 获取UP主信息进度: 607/1241 (成功:606, 失败:0)
2026-03-01 14:26:07,751 - INFO - 获取UP主信息进度: 608/1241 (成功:607, 失败:0)
2026-03-01 14:26:11,610 - INFO - 获取UP主信息进度: 609/1241 (成功:608, 失败:0)
2026-03-01 14:26:15,418 - INFO - 获取UP主信息进度: 610/1241 (成功:609, 失败:0)
2026-03-01 14:26:18,815 - INFO - 获取UP主信息进度: 611/1241 (成功:610, 失败:0)
2026-03-01 14:26:24,013 - INFO - 获取UP主信息进度: 612/1241 (成功:611, 失败:0)
2026-03-01 14:26:28,410 - INFO - 获取UP主信息进度: 613/1241 (成功:612, 失败:0)
2026-03-01 14:26:33,542 - INFO - 获取UP主信息进度: 614/1241 (成功:613, 失败:0)
2026-03-01 14:26:38,574 - INFO - 获取UP主信息进度: 615/1241 (成功:614, 失败:0)
2026-03-01 14:26:44,545 - INFO - 获取UP主信息进度: 616/1241 (成功:615, 失败:0)
2026-03-01 14:26:48,796 - INFO - 获取UP主信息进度: 617/1241 (成功:616, 失败:0)
2026-03-01 14:26:53,387 - INFO - 获取UP主信息进度: 618/1241 (成功:617, 失败:0)
2026-03-01 14:26:58,183 - INFO - 获取UP主信息进度: 619/1241 (成功:618, 失败:0)
2026-03-01 14:27:04,044 - INFO - 获取UP主信息进度: 620/1241 (成功:619, 失败:0)
2026-03-01 14:27:09,148 - INFO - 获取UP主信息进度: 621/1241 (成功:620, 失败:0)
2026-03-01 14:27:12,449 - INFO - 获取UP主信息进度: 622/1241 (成功:621, 失败:0)
2026-03-01 14:27:18,167 - INFO - 获取UP主信息进度: 623/1241 (成功:622, 失败:0)
2026-03-01 14:27:22,545 - INFO - 获取UP主信息进度: 624/1241 (成功:623, 失败:0)
2026-03-01 14:27:28,474 - INFO - 获取UP主信息进度: 625/1241 (成功:624, 失败:0)
2026-03-01 14:27:32,721 - INFO - 获取UP主信息进度: 626/1241 (成功:625, 失败:0)
2026-03-01 14:27:36,647 - INFO - 获取UP主信息进度: 627/1241 (成功:626, 失败:0)
2026-03-01 14:27:41,620 - INFO - 获取UP主信息进度: 628/1241 (成功:627, 失败:0)
2026-03-01 14:27:44,836 - INFO - 获取UP主信息进度: 629/1241 (成功:628, 失败:0)
2026-03-01 14:27:48,445 - INFO - 获取UP主信息进度: 630/1241 (成功:629, 失败:0)
2026-03-01 14:27:53,883 - INFO - 获取UP主信息进度: 631/1241 (成功:630, 失败:0)
2026-03-01 14:27:57,604 - INFO - 获取UP主信息进度: 632/1241 (成功:631, 失败:0)
2026-03-01 14:28:01,410 - INFO - 获取UP主信息进度: 633/1241 (成功:632, 失败:0)
2026-03-01 14:28:07,302 - INFO - 获取UP主信息进度: 634/1241 (成功:633, 失败:0)
2026-03-01 14:28:14,502 - INFO - 获取UP主信息进度: 635/1241 (成功:634, 失败:0)
2026-03-01 14:28:17,749 - INFO - 获取UP主信息进度: 636/1241 (成功:635, 失败:0)
2026-03-01 14:28:21,675 - INFO - 获取UP主信息进度: 637/1241 (成功:636, 失败:0)
2026-03-01 14:28:27,071 - INFO - 获取UP主信息进度: 638/1241 (成功:637, 失败:0)
2026-03-01 14:28:32,951 - INFO - 获取UP主信息进度: 639/1241 (成功:638, 失败:0)
2026-03-01 14:28:38,454 - INFO - 获取UP主信息进度: 640/1241 (成功:639, 失败:0)
2026-03-01 14:28:43,392 - INFO - 获取UP主信息进度: 641/1241 (成功:640, 失败:0)
2026-03-01 14:28:48,037 - INFO - 获取UP主信息进度: 642/1241 (成功:641, 失败:0)
2026-03-01 14:28:53,062 - INFO - 获取UP主信息进度: 643/1241 (成功:642, 失败:0)
2026-03-01 14:28:57,477 - INFO - 获取UP主信息进度: 644/1241 (成功:643, 失败:0)
2026-03-01 14:29:00,844 - INFO - 获取UP主信息进度: 645/1241 (成功:644, 失败:0)
2026-03-01 14:29:06,479 - INFO - 获取UP主信息进度: 646/1241 (成功:645, 失败:0)
2026-03-01 14:29:10,114 - INFO - 获取UP主信息进度: 647/1241 (成功:646, 失败:0)
2026-03-01 14:29:15,668 - INFO - 获取UP主信息进度: 648/1241 (成功:647, 失败:0)
2026-03-01 14:29:19,326 - INFO - 获取UP主信息进度: 649/1241 (成功:648, 失败:0)
2026-03-01 14:29:25,631 - INFO - 获取UP主信息进度: 650/1241 (成功:649, 失败:0)
2026-03-01 14:29:25,632 - INFO - 已完成650个请求，休息11.7秒...
2026-03-01 14:29:41,446 - INFO - 获取UP主信息进度: 651/1241 (成功:650, 失败:0)
2026-03-01 14:29:46,110 - INFO - 获取UP主信息进度: 652/1241 (成功:651, 失败:0)
2026-03-01 14:29:50,625 - INFO - 获取UP主信息进度: 653/1241 (成功:652, 失败:0)
2026-03-01 14:29:55,370 - INFO - 获取UP主信息进度: 654/1241 (成功:653, 失败:0)
2026-03-01 14:30:01,199 - INFO - 获取UP主信息进度: 655/1241 (成功:654, 失败:0)
2026-03-01 14:30:07,255 - INFO - 获取UP主信息进度: 656/1241 (成功:655, 失败:0)
2026-03-01 14:30:11,903 - INFO - 获取UP主信息进度: 657/1241 (成功:656, 失败:0)
2026-03-01 14:30:16,899 - INFO - 获取UP主信息进度: 658/1241 (成功:657, 失败:0)
2026-03-01 14:30:21,798 - INFO - 获取UP主信息进度: 659/1241 (成功:658, 失败:0)
2026-03-01 14:30:25,531 - INFO - 获取UP主信息进度: 660/1241 (成功:659, 失败:0)
2026-03-01 14:30:30,021 - INFO - 获取UP主信息进度: 661/1241 (成功:660, 失败:0)
2026-03-01 14:30:35,427 - INFO - 获取UP主信息进度: 662/1241 (成功:661, 失败:0)
2026-03-01 14:30:41,273 - INFO - 获取UP主信息进度: 663/1241 (成功:662, 失败:0)
2026-03-01 14:30:44,654 - INFO - 获取UP主信息进度: 664/1241 (成功:663, 失败:0)
2026-03-01 14:30:50,512 - INFO - 获取UP主信息进度: 665/1241 (成功:664, 失败:0)
2026-03-01 14:30:54,263 - INFO - 获取UP主信息进度: 666/1241 (成功:665, 失败:0)
2026-03-01 14:31:00,262 - INFO - 获取UP主信息进度: 667/1241 (成功:666, 失败:0)
2026-03-01 14:31:04,988 - INFO - 获取UP主信息进度: 668/1241 (成功:667, 失败:0)
2026-03-01 14:31:08,485 - INFO - 获取UP主信息进度: 669/1241 (成功:668, 失败:0)
2026-03-01 14:31:12,278 - INFO - 获取UP主信息进度: 670/1241 (成功:669, 失败:0)
2026-03-01 14:31:17,957 - INFO - 获取UP主信息进度: 671/1241 (成功:670, 失败:0)
2026-03-01 14:31:21,985 - INFO - 获取UP主信息进度: 672/1241 (成功:671, 失败:0)
2026-03-01 14:31:27,432 - INFO - 获取UP主信息进度: 673/1241 (成功:672, 失败:0)
2026-03-01 14:31:32,476 - INFO - 获取UP主信息进度: 674/1241 (成功:673, 失败:0)
2026-03-01 14:31:35,749 - INFO - 获取UP主信息进度: 675/1241 (成功:674, 失败:0)
2026-03-01 14:31:39,434 - INFO - 获取UP主信息进度: 676/1241 (成功:675, 失败:0)
2026-03-01 14:31:45,711 - INFO - 获取UP主信息进度: 677/1241 (成功:676, 失败:0)
2026-03-01 14:31:51,507 - INFO - 获取UP主信息进度: 678/1241 (成功:677, 失败:0)
2026-03-01 14:31:57,458 - INFO - 获取UP主信息进度: 679/1241 (成功:678, 失败:0)
2026-03-01 14:32:03,042 - INFO - 获取UP主信息进度: 680/1241 (成功:679, 失败:0)
2026-03-01 14:32:06,670 - INFO - 获取UP主信息进度: 681/1241 (成功:680, 失败:0)
2026-03-01 14:32:10,832 - INFO - 获取UP主信息进度: 682/1241 (成功:681, 失败:0)
2026-03-01 14:32:15,843 - INFO - 获取UP主信息进度: 683/1241 (成功:682, 失败:0)
2026-03-01 14:32:21,259 - INFO - 获取UP主信息进度: 684/1241 (成功:683, 失败:0)
2026-03-01 14:32:25,748 - INFO - 获取UP主信息进度: 685/1241 (成功:684, 失败:0)
2026-03-01 14:32:30,831 - INFO - 获取UP主信息进度: 686/1241 (成功:685, 失败:0)
2026-03-01 14:32:34,313 - INFO - 获取UP主信息进度: 687/1241 (成功:686, 失败:0)
2026-03-01 14:32:38,048 - INFO - 获取UP主信息进度: 688/1241 (成功:687, 失败:0)
2026-03-01 14:32:41,766 - INFO - 获取UP主信息进度: 689/1241 (成功:688, 失败:0)
2026-03-01 14:32:47,980 - INFO - 获取UP主信息进度: 690/1241 (成功:689, 失败:0)
2026-03-01 14:32:51,264 - INFO - 获取UP主信息进度: 691/1241 (成功:690, 失败:0)
2026-03-01 14:32:56,688 - INFO - 获取UP主信息进度: 692/1241 (成功:691, 失败:0)
2026-03-01 14:33:02,757 - INFO - 获取UP主信息进度: 693/1241 (成功:692, 失败:0)
2026-03-01 14:33:07,307 - INFO - 获取UP主信息进度: 694/1241 (成功:693, 失败:0)
2026-03-01 14:33:10,504 - INFO - 获取UP主信息进度: 695/1241 (成功:694, 失败:0)
2026-03-01 14:33:14,907 - INFO - 获取UP主信息进度: 696/1241 (成功:695, 失败:0)
2026-03-01 14:33:19,091 - INFO - 获取UP主信息进度: 697/1241 (成功:696, 失败:0)
2026-03-01 14:33:25,366 - INFO - 获取UP主信息进度: 698/1241 (成功:697, 失败:0)
2026-03-01 14:33:29,176 - INFO - 获取UP主信息进度: 699/1241 (成功:698, 失败:0)
2026-03-01 14:33:32,311 - INFO - 获取UP主信息进度: 700/1241 (成功:699, 失败:0)
2026-03-01 14:33:32,312 - INFO - 已完成700个请求，休息17.5秒...
2026-03-01 14:33:54,435 - INFO - 获取UP主信息进度: 701/1241 (成功:700, 失败:0)
2026-03-01 14:34:00,250 - INFO - 获取UP主信息进度: 702/1241 (成功:701, 失败:0)
2026-03-01 14:34:06,456 - INFO - 获取UP主信息进度: 703/1241 (成功:702, 失败:0)
2026-03-01 14:34:11,492 - INFO - 获取UP主信息进度: 704/1241 (成功:703, 失败:0)
2026-03-01 14:34:14,879 - INFO - 获取UP主信息进度: 705/1241 (成功:704, 失败:0)
2026-03-01 14:34:19,522 - INFO - 获取UP主信息进度: 706/1241 (成功:705, 失败:0)
2026-03-01 14:34:24,267 - INFO - 获取UP主信息进度: 707/1241 (成功:706, 失败:0)
2026-03-01 14:34:28,867 - INFO - 获取UP主信息进度: 708/1241 (成功:707, 失败:0)
2026-03-01 14:34:32,373 - INFO - 获取UP主信息进度: 709/1241 (成功:708, 失败:0)
2026-03-01 14:34:36,833 - INFO - 获取UP主信息进度: 710/1241 (成功:709, 失败:0)
2026-03-01 14:34:41,906 - INFO - 获取UP主信息进度: 711/1241 (成功:710, 失败:0)
2026-03-01 14:34:47,483 - INFO - 获取UP主信息进度: 712/1241 (成功:711, 失败:0)
2026-03-01 14:34:51,549 - INFO - 获取UP主信息进度: 713/1241 (成功:712, 失败:0)
2026-03-01 14:34:54,882 - INFO - 获取UP主信息进度: 714/1241 (成功:713, 失败:0)
2026-03-01 14:35:00,726 - INFO - 获取UP主信息进度: 715/1241 (成功:714, 失败:0)
2026-03-01 14:35:04,848 - INFO - 获取UP主信息进度: 716/1241 (成功:715, 失败:0)
2026-03-01 14:35:09,031 - INFO - 获取UP主信息进度: 717/1241 (成功:716, 失败:0)
2026-03-01 14:35:14,061 - INFO - 获取UP主信息进度: 718/1241 (成功:717, 失败:0)
2026-03-01 14:35:19,017 - INFO - 获取UP主信息进度: 719/1241 (成功:718, 失败:0)
2026-03-01 14:35:24,893 - INFO - 获取UP主信息进度: 720/1241 (成功:719, 失败:0)
2026-03-01 14:35:28,354 - INFO - 获取UP主信息进度: 721/1241 (成功:720, 失败:0)
2026-03-01 14:35:32,445 - INFO - 获取UP主信息进度: 722/1241 (成功:721, 失败:0)
2026-03-01 14:35:38,191 - INFO - 获取UP主信息进度: 723/1241 (成功:722, 失败:0)
2026-03-01 14:35:42,424 - INFO - 获取UP主信息进度: 724/1241 (成功:723, 失败:0)
2026-03-01 14:35:47,226 - INFO - 获取UP主信息进度: 725/1241 (成功:724, 失败:0)
2026-03-01 14:35:53,519 - INFO - 获取UP主信息进度: 726/1241 (成功:725, 失败:0)
2026-03-01 14:35:59,220 - INFO - 获取UP主信息进度: 727/1241 (成功:726, 失败:0)
2026-03-01 14:36:03,398 - INFO - 获取UP主信息进度: 728/1241 (成功:727, 失败:0)
2026-03-01 14:36:06,753 - INFO - 获取UP主信息进度: 729/1241 (成功:728, 失败:0)
2026-03-01 14:36:10,586 - INFO - 获取UP主信息进度: 730/1241 (成功:729, 失败:0)
2026-03-01 14:36:16,031 - INFO - 获取UP主信息进度: 731/1241 (成功:730, 失败:0)
2026-03-01 14:36:19,562 - INFO - 获取UP主信息进度: 732/1241 (成功:731, 失败:0)
2026-03-01 14:36:23,499 - INFO - 获取UP主信息进度: 733/1241 (成功:732, 失败:0)
2026-03-01 14:36:29,584 - INFO - 获取UP主信息进度: 734/1241 (成功:733, 失败:0)
2026-03-01 14:36:33,367 - INFO - 获取UP主信息进度: 735/1241 (成功:734, 失败:0)
2026-03-01 14:36:36,515 - INFO - 获取UP主信息进度: 736/1241 (成功:735, 失败:0)
2026-03-01 14:36:39,640 - INFO - 获取UP主信息进度: 737/1241 (成功:736, 失败:0)
2026-03-01 14:36:42,814 - INFO - 获取UP主信息进度: 738/1241 (成功:737, 失败:0)
2026-03-01 14:36:48,531 - INFO - 获取UP主信息进度: 739/1241 (成功:738, 失败:0)
2026-03-01 14:36:51,963 - INFO - 获取UP主信息进度: 740/1241 (成功:739, 失败:0)
2026-03-01 14:36:55,614 - INFO - 获取UP主信息进度: 741/1241 (成功:740, 失败:0)
2026-03-01 14:36:58,823 - INFO - 获取UP主信息进度: 742/1241 (成功:741, 失败:0)
2026-03-01 14:37:04,274 - INFO - 获取UP主信息进度: 743/1241 (成功:742, 失败:0)
2026-03-01 14:37:07,833 - INFO - 获取UP主信息进度: 744/1241 (成功:743, 失败:0)
2026-03-01 14:37:11,790 - INFO - 获取UP主信息进度: 745/1241 (成功:744, 失败:0)
2026-03-01 14:37:15,801 - INFO - 获取UP主信息进度: 746/1241 (成功:745, 失败:0)
2026-03-01 14:37:21,727 - INFO - 获取UP主信息进度: 747/1241 (成功:746, 失败:0)
2026-03-01 14:37:26,441 - INFO - 获取UP主信息进度: 748/1241 (成功:747, 失败:0)
2026-03-01 14:37:32,039 - INFO - 获取UP主信息进度: 749/1241 (成功:748, 失败:0)
2026-03-01 14:37:36,252 - INFO - 获取UP主信息进度: 750/1241 (成功:749, 失败:0)
2026-03-01 14:37:36,252 - INFO - 已完成750个请求，休息15.6秒...
2026-03-01 14:37:55,637 - INFO - 获取UP主信息进度: 751/1241 (成功:750, 失败:0)
2026-03-01 14:37:59,079 - INFO - 获取UP主信息进度: 752/1241 (成功:751, 失败:0)
2026-03-01 14:38:02,361 - INFO - 获取UP主信息进度: 753/1241 (成功:752, 失败:0)
2026-03-01 14:38:06,301 - INFO - 获取UP主信息进度: 754/1241 (成功:753, 失败:0)
2026-03-01 14:38:10,933 - INFO - 获取UP主信息进度: 755/1241 (成功:754, 失败:0)
2026-03-01 14:38:17,047 - INFO - 获取UP主信息进度: 756/1241 (成功:755, 失败:0)
2026-03-01 14:38:22,056 - INFO - 获取UP主信息进度: 757/1241 (成功:756, 失败:0)
2026-03-01 14:38:26,077 - INFO - 获取UP主信息进度: 758/1241 (成功:757, 失败:0)
2026-03-01 14:38:30,953 - INFO - 获取UP主信息进度: 759/1241 (成功:758, 失败:0)
2026-03-01 14:38:37,251 - INFO - 获取UP主信息进度: 760/1241 (成功:759, 失败:0)
2026-03-01 14:38:43,130 - INFO - 获取UP主信息进度: 761/1241 (成功:760, 失败:0)
2026-03-01 14:38:47,279 - INFO - 获取UP主信息进度: 762/1241 (成功:761, 失败:0)
2026-03-01 14:38:50,980 - INFO - 获取UP主信息进度: 763/1241 (成功:762, 失败:0)
2026-03-01 14:38:55,581 - INFO - 获取UP主信息进度: 764/1241 (成功:763, 失败:0)
2026-03-01 14:38:59,960 - INFO - 获取UP主信息进度: 765/1241 (成功:764, 失败:0)
2026-03-01 14:39:04,942 - INFO - 获取UP主信息进度: 766/1241 (成功:765, 失败:0)
2026-03-01 14:39:10,064 - INFO - 获取UP主信息进度: 767/1241 (成功:766, 失败:0)
2026-03-01 14:39:14,922 - INFO - 获取UP主信息进度: 768/1241 (成功:767, 失败:0)
2026-03-01 14:39:18,219 - INFO - 获取UP主信息进度: 769/1241 (成功:768, 失败:0)
2026-03-01 14:39:23,230 - INFO - 获取UP主信息进度: 770/1241 (成功:769, 失败:0)
2026-03-01 14:39:29,110 - INFO - 获取UP主信息进度: 771/1241 (成功:770, 失败:0)
2026-03-01 14:39:34,396 - INFO - 获取UP主信息进度: 772/1241 (成功:771, 失败:0)
2026-03-01 14:39:37,946 - INFO - 获取UP主信息进度: 773/1241 (成功:772, 失败:0)
2026-03-01 14:39:42,653 - INFO - 获取UP主信息进度: 774/1241 (成功:773, 失败:0)
2026-03-01 14:39:46,782 - INFO - 获取UP主信息进度: 775/1241 (成功:774, 失败:0)
2026-03-01 14:39:51,172 - INFO - 获取UP主信息进度: 776/1241 (成功:775, 失败:0)
2026-03-01 14:39:57,092 - INFO - 获取UP主信息进度: 777/1241 (成功:776, 失败:0)
2026-03-01 14:40:00,275 - INFO - 获取UP主信息进度: 778/1241 (成功:777, 失败:0)
2026-03-01 14:40:05,883 - INFO - 获取UP主信息进度: 779/1241 (成功:778, 失败:0)
2026-03-01 14:40:11,564 - INFO - 获取UP主信息进度: 780/1241 (成功:779, 失败:0)
2026-03-01 14:40:16,848 - INFO - 获取UP主信息进度: 781/1241 (成功:780, 失败:0)
2026-03-01 14:40:20,408 - INFO - 获取UP主信息进度: 782/1241 (成功:781, 失败:0)
2026-03-01 14:40:25,294 - INFO - 获取UP主信息进度: 783/1241 (成功:782, 失败:0)
2026-03-01 14:40:31,312 - INFO - 获取UP主信息进度: 784/1241 (成功:783, 失败:0)
2026-03-01 14:40:35,383 - INFO - 获取UP主信息进度: 785/1241 (成功:784, 失败:0)
2026-03-01 14:40:39,238 - INFO - 获取UP主信息进度: 786/1241 (成功:785, 失败:0)
2026-03-01 14:40:44,894 - INFO - 获取UP主信息进度: 787/1241 (成功:786, 失败:0)
2026-03-01 14:40:49,514 - INFO - 获取UP主信息进度: 788/1241 (成功:787, 失败:0)
2026-03-01 14:40:52,722 - INFO - 获取UP主信息进度: 789/1241 (成功:788, 失败:0)
2026-03-01 14:40:57,123 - INFO - 获取UP主信息进度: 790/1241 (成功:789, 失败:0)
2026-03-01 14:41:02,225 - INFO - 获取UP主信息进度: 791/1241 (成功:790, 失败:0)
2026-03-01 14:41:05,787 - INFO - 获取UP主信息进度: 792/1241 (成功:791, 失败:0)
2026-03-01 14:41:09,503 - INFO - 获取UP主信息进度: 793/1241 (成功:792, 失败:0)
2026-03-01 14:41:14,410 - INFO - 获取UP主信息进度: 794/1241 (成功:793, 失败:0)
2026-03-01 14:41:20,467 - INFO - 获取UP主信息进度: 795/1241 (成功:794, 失败:0)
2026-03-01 14:41:24,017 - INFO - 获取UP主信息进度: 796/1241 (成功:795, 失败:0)
2026-03-01 14:41:27,730 - INFO - 获取UP主信息进度: 797/1241 (成功:796, 失败:0)
2026-03-01 14:41:31,997 - INFO - 获取UP主信息进度: 798/1241 (成功:797, 失败:0)
2026-03-01 14:41:38,050 - INFO - 获取UP主信息进度: 799/1241 (成功:798, 失败:0)
2026-03-01 14:41:41,317 - INFO - 获取UP主信息进度: 800/1241 (成功:799, 失败:0)
2026-03-01 14:41:41,317 - INFO - 已完成800个请求，休息10.8秒...
2026-03-01 14:41:57,189 - INFO - 获取UP主信息进度: 801/1241 (成功:800, 失败:0)
2026-03-01 14:42:01,481 - INFO - 获取UP主信息进度: 802/1241 (成功:801, 失败:0)
2026-03-01 14:42:04,642 - INFO - 获取UP主信息进度: 803/1241 (成功:802, 失败:0)
2026-03-01 14:42:10,074 - INFO - 获取UP主信息进度: 804/1241 (成功:803, 失败:0)
2026-03-01 14:42:14,039 - INFO - 获取UP主信息进度: 805/1241 (成功:804, 失败:0)
2026-03-01 14:42:20,090 - INFO - 获取UP主信息进度: 806/1241 (成功:805, 失败:0)
2026-03-01 14:42:25,670 - INFO - 获取UP主信息进度: 807/1241 (成功:806, 失败:0)
2026-03-01 14:42:31,378 - INFO - 获取UP主信息进度: 808/1241 (成功:807, 失败:0)
2026-03-01 14:42:37,240 - INFO - 获取UP主信息进度: 809/1241 (成功:808, 失败:0)
2026-03-01 14:42:42,922 - INFO - 获取UP主信息进度: 810/1241 (成功:809, 失败:0)
2026-03-01 14:42:47,464 - INFO - 获取UP主信息进度: 811/1241 (成功:810, 失败:0)
2026-03-01 14:42:53,248 - INFO - 获取UP主信息进度: 812/1241 (成功:811, 失败:0)
2026-03-01 14:42:57,702 - INFO - 获取UP主信息进度: 813/1241 (成功:812, 失败:0)
2026-03-01 14:43:01,084 - INFO - 获取UP主信息进度: 814/1241 (成功:813, 失败:0)
2026-03-01 14:43:06,338 - INFO - 获取UP主信息进度: 815/1241 (成功:814, 失败:0)
2026-03-01 14:43:10,624 - INFO - 获取UP主信息进度: 816/1241 (成功:815, 失败:0)
2026-03-01 14:43:14,440 - INFO - 获取UP主信息进度: 817/1241 (成功:816, 失败:0)
2026-03-01 14:43:18,439 - INFO - 获取UP主信息进度: 818/1241 (成功:817, 失败:0)
2026-03-01 14:43:24,366 - INFO - 获取UP主信息进度: 819/1241 (成功:818, 失败:0)
2026-03-01 14:43:29,188 - INFO - 获取UP主信息进度: 820/1241 (成功:819, 失败:0)
2026-03-01 14:43:35,239 - INFO - 获取UP主信息进度: 821/1241 (成功:820, 失败:0)
2026-03-01 14:43:40,958 - INFO - 获取UP主信息进度: 822/1241 (成功:821, 失败:0)
2026-03-01 14:43:46,844 - INFO - 获取UP主信息进度: 823/1241 (成功:822, 失败:0)
2026-03-01 14:43:52,432 - INFO - 获取UP主信息进度: 824/1241 (成功:823, 失败:0)
2026-03-01 14:43:57,937 - INFO - 获取UP主信息进度: 825/1241 (成功:824, 失败:0)
2026-03-01 14:44:01,855 - INFO - 获取UP主信息进度: 826/1241 (成功:825, 失败:0)
2026-03-01 14:44:07,219 - INFO - 获取UP主信息进度: 827/1241 (成功:826, 失败:0)
2026-03-01 14:44:13,129 - INFO - 获取UP主信息进度: 828/1241 (成功:827, 失败:0)
2026-03-01 14:44:18,964 - INFO - 获取UP主信息进度: 829/1241 (成功:828, 失败:0)
2026-03-01 14:44:23,067 - INFO - 获取UP主信息进度: 830/1241 (成功:829, 失败:0)
2026-03-01 14:44:27,176 - INFO - 获取UP主信息进度: 831/1241 (成功:830, 失败:0)
2026-03-01 14:44:31,992 - INFO - 获取UP主信息进度: 832/1241 (成功:831, 失败:0)
2026-03-01 14:44:35,734 - INFO - 获取UP主信息进度: 833/1241 (成功:832, 失败:0)
2026-03-01 14:44:41,474 - INFO - 获取UP主信息进度: 834/1241 (成功:833, 失败:0)
2026-03-01 14:44:47,316 - INFO - 获取UP主信息进度: 835/1241 (成功:834, 失败:0)
2026-03-01 14:44:50,925 - INFO - 获取UP主信息进度: 836/1241 (成功:835, 失败:0)
2026-03-01 14:44:56,673 - INFO - 获取UP主信息进度: 837/1241 (成功:836, 失败:0)
2026-03-01 14:45:02,234 - INFO - 获取UP主信息进度: 838/1241 (成功:837, 失败:0)
2026-03-01 14:45:06,081 - INFO - 获取UP主信息进度: 839/1241 (成功:838, 失败:0)
2026-03-01 14:45:11,696 - INFO - 获取UP主信息进度: 840/1241 (成功:839, 失败:0)
2026-03-01 14:45:17,179 - INFO - 获取UP主信息进度: 841/1241 (成功:840, 失败:0)
2026-03-01 14:45:21,586 - INFO - 获取UP主信息进度: 842/1241 (成功:841, 失败:0)
2026-03-01 14:45:27,073 - INFO - 获取UP主信息进度: 843/1241 (成功:842, 失败:0)
2026-03-01 14:45:31,814 - INFO - 获取UP主信息进度: 844/1241 (成功:843, 失败:0)
2026-03-01 14:45:35,444 - INFO - 获取UP主信息进度: 845/1241 (成功:844, 失败:0)
2026-03-01 14:45:41,462 - INFO - 获取UP主信息进度: 846/1241 (成功:845, 失败:0)
2026-03-01 14:45:45,690 - INFO - 获取UP主信息进度: 847/1241 (成功:846, 失败:0)
2026-03-01 14:45:50,555 - INFO - 获取UP主信息进度: 848/1241 (成功:847, 失败:0)
2026-03-01 14:45:56,159 - INFO - 获取UP主信息进度: 849/1241 (成功:848, 失败:0)
2026-03-01 14:46:02,198 - INFO - 获取UP主信息进度: 850/1241 (成功:849, 失败:0)
2026-03-01 14:46:02,199 - INFO - 已完成850个请求，休息17.6秒...
2026-03-01 14:46:23,758 - INFO - 获取UP主信息进度: 851/1241 (成功:850, 失败:0)
2026-03-01 14:46:27,541 - INFO - 获取UP主信息进度: 852/1241 (成功:851, 失败:0)
2026-03-01 14:46:31,489 - INFO - 获取UP主信息进度: 853/1241 (成功:852, 失败:0)
2026-03-01 14:46:37,423 - INFO - 获取UP主信息进度: 854/1241 (成功:853, 失败:0)
2026-03-01 14:46:41,235 - INFO - 获取UP主信息进度: 855/1241 (成功:854, 失败:0)
2026-03-01 14:46:45,688 - INFO - 获取UP主信息进度: 856/1241 (成功:855, 失败:0)
2026-03-01 14:46:51,808 - INFO - 获取UP主信息进度: 857/1241 (成功:856, 失败:0)
2026-03-01 14:46:57,396 - INFO - 获取UP主信息进度: 858/1241 (成功:857, 失败:0)
2026-03-01 14:47:01,865 - INFO - 获取UP主信息进度: 859/1241 (成功:858, 失败:0)
2026-03-01 14:47:07,823 - INFO - 获取UP主信息进度: 860/1241 (成功:859, 失败:0)
2026-03-01 14:47:11,557 - INFO - 获取UP主信息进度: 861/1241 (成功:860, 失败:0)
2026-03-01 14:47:14,803 - INFO - 获取UP主信息进度: 862/1241 (成功:861, 失败:0)
2026-03-01 14:47:17,954 - INFO - 获取UP主信息进度: 863/1241 (成功:862, 失败:0)
2026-03-01 14:47:23,477 - INFO - 获取UP主信息进度: 864/1241 (成功:863, 失败:0)
2026-03-01 14:47:27,354 - INFO - 获取UP主信息进度: 865/1241 (成功:864, 失败:0)
2026-03-01 14:47:32,801 - INFO - 获取UP主信息进度: 866/1241 (成功:865, 失败:0)
2026-03-01 14:47:37,021 - INFO - 获取UP主信息进度: 867/1241 (成功:866, 失败:0)
2026-03-01 14:47:40,562 - INFO - 获取UP主信息进度: 868/1241 (成功:867, 失败:0)
2026-03-01 14:47:46,290 - INFO - 获取UP主信息进度: 869/1241 (成功:868, 失败:0)
2026-03-01 14:47:51,019 - INFO - 获取UP主信息进度: 870/1241 (成功:869, 失败:0)
2026-03-01 14:47:55,330 - INFO - 获取UP主信息进度: 871/1241 (成功:870, 失败:0)
2026-03-01 14:47:59,548 - INFO - 获取UP主信息进度: 872/1241 (成功:871, 失败:0)
2026-03-01 14:48:05,212 - INFO - 获取UP主信息进度: 873/1241 (成功:872, 失败:0)
2026-03-01 14:48:10,105 - INFO - 获取UP主信息进度: 874/1241 (成功:873, 失败:0)
2026-03-01 14:48:15,724 - INFO - 获取UP主信息进度: 875/1241 (成功:874, 失败:0)
2026-03-01 14:48:22,033 - INFO - 获取UP主信息进度: 876/1241 (成功:875, 失败:0)
2026-03-01 14:48:28,036 - INFO - 获取UP主信息进度: 877/1241 (成功:876, 失败:0)
2026-03-01 14:48:33,534 - INFO - 获取UP主信息进度: 878/1241 (成功:877, 失败:0)
2026-03-01 14:48:38,970 - INFO - 获取UP主信息进度: 879/1241 (成功:878, 失败:0)
2026-03-01 14:48:44,890 - INFO - 获取UP主信息进度: 880/1241 (成功:879, 失败:0)
2026-03-01 14:48:49,063 - INFO - 获取UP主信息进度: 881/1241 (成功:880, 失败:0)
2026-03-01 14:48:54,272 - INFO - 获取UP主信息进度: 882/1241 (成功:881, 失败:0)
2026-03-01 14:48:58,852 - INFO - 获取UP主信息进度: 883/1241 (成功:882, 失败:0)
2026-03-01 14:49:04,826 - INFO - 获取UP主信息进度: 884/1241 (成功:883, 失败:0)
2026-03-01 14:49:09,977 - INFO - 获取UP主信息进度: 885/1241 (成功:884, 失败:0)
2026-03-01 14:49:15,555 - INFO - 获取UP主信息进度: 886/1241 (成功:885, 失败:0)
2026-03-01 14:49:19,096 - INFO - 获取UP主信息进度: 887/1241 (成功:886, 失败:0)
2026-03-01 14:49:24,908 - INFO - 获取UP主信息进度: 888/1241 (成功:887, 失败:0)
2026-03-01 14:49:30,272 - INFO - 获取UP主信息进度: 889/1241 (成功:888, 失败:0)
2026-03-01 14:49:34,699 - INFO - 获取UP主信息进度: 890/1241 (成功:889, 失败:0)
2026-03-01 14:49:39,141 - INFO - 获取UP主信息进度: 891/1241 (成功:890, 失败:0)
2026-03-01 14:49:43,732 - INFO - 获取UP主信息进度: 892/1241 (成功:891, 失败:0)
2026-03-01 14:49:47,063 - INFO - 获取UP主信息进度: 893/1241 (成功:892, 失败:0)
2026-03-01 14:49:52,504 - INFO - 获取UP主信息进度: 894/1241 (成功:893, 失败:0)
2026-03-01 14:49:56,121 - INFO - 获取UP主信息进度: 895/1241 (成功:894, 失败:0)
2026-03-01 14:49:59,755 - INFO - 获取UP主信息进度: 896/1241 (成功:895, 失败:0)
2026-03-01 14:50:04,256 - INFO - 获取UP主信息进度: 897/1241 (成功:896, 失败:0)
2026-03-01 14:50:08,802 - INFO - 获取UP主信息进度: 898/1241 (成功:897, 失败:0)
2026-03-01 14:50:13,047 - INFO - 获取UP主信息进度: 899/1241 (成功:898, 失败:0)
2026-03-01 14:50:18,304 - INFO - 获取UP主信息进度: 900/1241 (成功:899, 失败:0)
2026-03-01 14:50:18,305 - INFO - 已完成900个请求，休息15.2秒...
2026-03-01 14:50:39,137 - INFO - 获取UP主信息进度: 901/1241 (成功:900, 失败:0)
2026-03-01 14:50:44,230 - INFO - 获取UP主信息进度: 902/1241 (成功:901, 失败:0)
2026-03-01 14:50:47,512 - INFO - 获取UP主信息进度: 903/1241 (成功:902, 失败:0)
2026-03-01 14:50:51,151 - INFO - 获取UP主信息进度: 904/1241 (成功:903, 失败:0)
2026-03-01 14:50:56,218 - INFO - 获取UP主信息进度: 905/1241 (成功:904, 失败:0)
2026-03-01 14:51:01,917 - INFO - 获取UP主信息进度: 906/1241 (成功:905, 失败:0)
2026-03-01 14:51:05,349 - INFO - 获取UP主信息进度: 907/1241 (成功:906, 失败:0)
2026-03-01 14:51:09,126 - INFO - 获取UP主信息进度: 908/1241 (成功:907, 失败:0)
2026-03-01 14:51:14,068 - INFO - 获取UP主信息进度: 909/1241 (成功:908, 失败:0)
2026-03-01 14:51:19,416 - INFO - 获取UP主信息进度: 910/1241 (成功:909, 失败:0)
2026-03-01 14:51:23,430 - INFO - 获取UP主信息进度: 911/1241 (成功:910, 失败:0)
2026-03-01 14:51:26,825 - INFO - 获取UP主信息进度: 912/1241 (成功:911, 失败:0)
2026-03-01 14:51:31,039 - INFO - 获取UP主信息进度: 913/1241 (成功:912, 失败:0)
2026-03-01 14:51:34,671 - INFO - 获取UP主信息进度: 914/1241 (成功:913, 失败:0)
2026-03-01 14:51:38,289 - INFO - 获取UP主信息进度: 915/1241 (成功:914, 失败:0)
2026-03-01 14:51:43,375 - INFO - 获取UP主信息进度: 916/1241 (成功:915, 失败:0)
2026-03-01 14:51:46,688 - INFO - 获取UP主信息进度: 917/1241 (成功:916, 失败:0)
2026-03-01 14:51:50,769 - INFO - 获取UP主信息进度: 918/1241 (成功:917, 失败:0)
2026-03-01 14:51:54,625 - INFO - 获取UP主信息进度: 919/1241 (成功:918, 失败:0)
2026-03-01 14:51:58,134 - INFO - 获取UP主信息进度: 920/1241 (成功:919, 失败:0)
2026-03-01 14:52:02,246 - INFO - 获取UP主信息进度: 921/1241 (成功:920, 失败:0)
2026-03-01 14:52:06,253 - INFO - 获取UP主信息进度: 922/1241 (成功:921, 失败:0)
2026-03-01 14:52:11,034 - INFO - 获取UP主信息进度: 923/1241 (成功:922, 失败:0)
2026-03-01 14:52:15,780 - INFO - 获取UP主信息进度: 924/1241 (成功:923, 失败:0)
2026-03-01 14:52:19,442 - INFO - 获取UP主信息进度: 925/1241 (成功:924, 失败:0)
2026-03-01 14:52:23,496 - INFO - 获取UP主信息进度: 926/1241 (成功:925, 失败:0)
2026-03-01 14:52:27,268 - INFO - 获取UP主信息进度: 927/1241 (成功:926, 失败:0)
2026-03-01 14:52:32,251 - INFO - 获取UP主信息进度: 928/1241 (成功:927, 失败:0)
2026-03-01 14:52:38,174 - INFO - 获取UP主信息进度: 929/1241 (成功:928, 失败:0)
2026-03-01 14:52:42,036 - INFO - 获取UP主信息进度: 930/1241 (成功:929, 失败:0)
2026-03-01 14:52:47,147 - INFO - 获取UP主信息进度: 931/1241 (成功:930, 失败:0)
2026-03-01 14:52:52,552 - INFO - 获取UP主信息进度: 932/1241 (成功:931, 失败:0)
2026-03-01 14:52:57,985 - INFO - 获取UP主信息进度: 933/1241 (成功:932, 失败:0)
2026-03-01 14:53:03,155 - INFO - 获取UP主信息进度: 934/1241 (成功:933, 失败:0)
2026-03-01 14:53:08,574 - INFO - 获取UP主信息进度: 935/1241 (成功:934, 失败:0)
2026-03-01 14:53:13,569 - INFO - 获取UP主信息进度: 936/1241 (成功:935, 失败:0)
2026-03-01 14:53:19,248 - INFO - 获取UP主信息进度: 937/1241 (成功:936, 失败:0)
2026-03-01 14:53:24,761 - INFO - 获取UP主信息进度: 938/1241 (成功:937, 失败:0)
2026-03-01 14:53:28,316 - INFO - 获取UP主信息进度: 939/1241 (成功:938, 失败:0)
2026-03-01 14:53:32,561 - INFO - 获取UP主信息进度: 940/1241 (成功:939, 失败:0)
2026-03-01 14:53:37,611 - INFO - 获取UP主信息进度: 941/1241 (成功:940, 失败:0)
2026-03-01 14:53:41,950 - INFO - 获取UP主信息进度: 942/1241 (成功:941, 失败:0)
2026-03-01 14:53:47,680 - INFO - 获取UP主信息进度: 943/1241 (成功:942, 失败:0)
2026-03-01 14:53:51,754 - INFO - 获取UP主信息进度: 944/1241 (成功:943, 失败:0)
2026-03-01 14:53:55,784 - INFO - 获取UP主信息进度: 945/1241 (成功:944, 失败:0)
2026-03-01 14:53:59,373 - INFO - 获取UP主信息进度: 946/1241 (成功:945, 失败:0)
2026-03-01 14:54:03,402 - INFO - 获取UP主信息进度: 947/1241 (成功:946, 失败:0)
2026-03-01 14:54:08,318 - INFO - 获取UP主信息进度: 948/1241 (成功:947, 失败:0)
2026-03-01 14:54:12,052 - INFO - 获取UP主信息进度: 949/1241 (成功:948, 失败:0)
2026-03-01 14:54:16,762 - INFO - 获取UP主信息进度: 950/1241 (成功:949, 失败:0)
2026-03-01 14:54:16,762 - INFO - 已完成950个请求，休息19.3秒...
2026-03-01 14:54:41,146 - INFO - 获取UP主信息进度: 951/1241 (成功:950, 失败:0)
2026-03-01 14:54:46,101 - INFO - 获取UP主信息进度: 952/1241 (成功:951, 失败:0)
2026-03-01 14:54:49,799 - INFO - 获取UP主信息进度: 953/1241 (成功:952, 失败:0)
2026-03-01 14:54:54,662 - INFO - 获取UP主信息进度: 954/1241 (成功:953, 失败:0)
2026-03-01 14:55:00,190 - INFO - 获取UP主信息进度: 955/1241 (成功:954, 失败:0)
2026-03-01 14:55:03,719 - INFO - 获取UP主信息进度: 956/1241 (成功:955, 失败:0)
2026-03-01 14:55:09,738 - INFO - 获取UP主信息进度: 957/1241 (成功:956, 失败:0)
2026-03-01 14:55:15,461 - INFO - 获取UP主信息进度: 958/1241 (成功:957, 失败:0)
2026-03-01 14:55:20,653 - INFO - 获取UP主信息进度: 959/1241 (成功:958, 失败:0)
2026-03-01 14:55:26,402 - INFO - 获取UP主信息进度: 960/1241 (成功:959, 失败:0)
2026-03-01 14:55:30,970 - INFO - 获取UP主信息进度: 961/1241 (成功:960, 失败:0)
2026-03-01 14:55:34,402 - INFO - 获取UP主信息进度: 962/1241 (成功:961, 失败:0)
2026-03-01 14:55:38,140 - INFO - 获取UP主信息进度: 963/1241 (成功:962, 失败:0)
2026-03-01 14:55:41,690 - INFO - 获取UP主信息进度: 964/1241 (成功:963, 失败:0)
2026-03-01 14:55:47,412 - INFO - 获取UP主信息进度: 965/1241 (成功:964, 失败:0)
2026-03-01 14:55:51,287 - INFO - 获取UP主信息进度: 966/1241 (成功:965, 失败:0)
2026-03-01 14:55:54,900 - INFO - 获取UP主信息进度: 967/1241 (成功:966, 失败:0)
2026-03-01 14:55:58,033 - INFO - 获取UP主信息进度: 968/1241 (成功:967, 失败:0)
2026-03-01 14:56:02,503 - INFO - 获取UP主信息进度: 969/1241 (成功:968, 失败:0)
2026-03-01 14:56:05,891 - INFO - 获取UP主信息进度: 970/1241 (成功:969, 失败:0)
2026-03-01 14:56:09,385 - INFO - 获取UP主信息进度: 971/1241 (成功:970, 失败:0)
2026-03-01 14:56:13,783 - INFO - 获取UP主信息进度: 972/1241 (成功:971, 失败:0)
2026-03-01 14:56:19,389 - INFO - 获取UP主信息进度: 973/1241 (成功:972, 失败:0)
2026-03-01 14:56:24,583 - INFO - 获取UP主信息进度: 974/1241 (成功:973, 失败:0)
2026-03-01 14:56:28,739 - INFO - 获取UP主信息进度: 975/1241 (成功:974, 失败:0)
2026-03-01 14:56:33,017 - INFO - 获取UP主信息进度: 976/1241 (成功:975, 失败:0)
2026-03-01 14:56:38,613 - INFO - 获取UP主信息进度: 977/1241 (成功:976, 失败:0)
2026-03-01 14:56:41,990 - INFO - 获取UP主信息进度: 978/1241 (成功:977, 失败:0)
2026-03-01 14:56:47,559 - INFO - 获取UP主信息进度: 979/1241 (成功:978, 失败:0)
2026-03-01 14:56:51,282 - INFO - 获取UP主信息进度: 980/1241 (成功:979, 失败:0)
2026-03-01 14:56:54,996 - INFO - 获取UP主信息进度: 981/1241 (成功:980, 失败:0)
2026-03-01 14:56:59,761 - INFO - 获取UP主信息进度: 982/1241 (成功:981, 失败:0)
2026-03-01 14:57:04,302 - INFO - 获取UP主信息进度: 983/1241 (成功:982, 失败:0)
2026-03-01 14:57:10,363 - INFO - 获取UP主信息进度: 984/1241 (成功:983, 失败:0)
2026-03-01 14:57:15,054 - INFO - 获取UP主信息进度: 985/1241 (成功:984, 失败:0)
2026-03-01 14:57:21,277 - INFO - 获取UP主信息进度: 986/1241 (成功:985, 失败:0)
2026-03-01 14:57:27,540 - INFO - 获取UP主信息进度: 987/1241 (成功:986, 失败:0)
2026-03-01 14:57:31,075 - INFO - 获取UP主信息进度: 988/1241 (成功:987, 失败:0)
2026-03-01 14:57:35,599 - INFO - 获取UP主信息进度: 989/1241 (成功:988, 失败:0)
2026-03-01 14:57:40,126 - INFO - 获取UP主信息进度: 990/1241 (成功:989, 失败:0)
2026-03-01 14:57:43,314 - INFO - 获取UP主信息进度: 991/1241 (成功:990, 失败:0)
2026-03-01 14:57:48,287 - INFO - 获取UP主信息进度: 992/1241 (成功:991, 失败:0)
2026-03-01 14:57:52,262 - INFO - 获取UP主信息进度: 993/1241 (成功:992, 失败:0)
2026-03-01 14:57:56,949 - INFO - 获取UP主信息进度: 994/1241 (成功:993, 失败:0)
2026-03-01 14:58:01,348 - INFO - 获取UP主信息进度: 995/1241 (成功:994, 失败:0)
2026-03-01 14:58:04,600 - INFO - 获取UP主信息进度: 996/1241 (成功:995, 失败:0)
2026-03-01 14:58:08,715 - INFO - 获取UP主信息进度: 997/1241 (成功:996, 失败:0)
2026-03-01 14:58:13,744 - INFO - 获取UP主信息进度: 998/1241 (成功:997, 失败:0)
2026-03-01 14:58:18,380 - INFO - 获取UP主信息进度: 999/1241 (成功:998, 失败:0)
2026-03-01 14:58:22,762 - INFO - 获取UP主信息进度: 1000/1241 (成功:999, 失败:0)
2026-03-01 14:58:22,762 - INFO - 已完成1000个请求，休息15.9秒...
2026-03-01 14:58:42,087 - INFO - 获取UP主信息进度: 1001/1241 (成功:1000, 失败:0)
2026-03-01 14:58:46,612 - INFO - 获取UP主信息进度: 1002/1241 (成功:1001, 失败:0)
2026-03-01 14:58:50,319 - INFO - 获取UP主信息进度: 1003/1241 (成功:1002, 失败:0)
2026-03-01 14:58:55,552 - INFO - 获取UP主信息进度: 1004/1241 (成功:1003, 失败:0)
2026-03-01 14:59:00,586 - INFO - 获取UP主信息进度: 1005/1241 (成功:1004, 失败:0)
2026-03-01 14:59:06,662 - INFO - 获取UP主信息进度: 1006/1241 (成功:1005, 失败:0)
2026-03-01 14:59:11,685 - INFO - 获取UP主信息进度: 1007/1241 (成功:1006, 失败:0)
2026-03-01 14:59:15,257 - INFO - 获取UP主信息进度: 1008/1241 (成功:1007, 失败:0)
2026-03-01 14:59:20,349 - INFO - 获取UP主信息进度: 1009/1241 (成功:1008, 失败:0)
2026-03-01 14:59:26,429 - INFO - 获取UP主信息进度: 1010/1241 (成功:1009, 失败:0)
2026-03-01 14:59:32,350 - INFO - 获取UP主信息进度: 1011/1241 (成功:1010, 失败:0)
2026-03-01 14:59:36,206 - INFO - 获取UP主信息进度: 1012/1241 (成功:1011, 失败:0)
2026-03-01 14:59:41,399 - INFO - 获取UP主信息进度: 1013/1241 (成功:1012, 失败:0)
2026-03-01 14:59:44,527 - INFO - 获取UP主信息进度: 1014/1241 (成功:1013, 失败:0)
2026-03-01 14:59:48,636 - INFO - 获取UP主信息进度: 1015/1241 (成功:1014, 失败:0)
2026-03-01 14:59:54,343 - INFO - 获取UP主信息进度: 1016/1241 (成功:1015, 失败:0)
2026-03-01 15:00:00,357 - INFO - 获取UP主信息进度: 1017/1241 (成功:1016, 失败:0)
2026-03-01 15:00:03,899 - INFO - 获取UP主信息进度: 1018/1241 (成功:1017, 失败:0)
2026-03-01 15:00:07,856 - INFO - 获取UP主信息进度: 1019/1241 (成功:1018, 失败:0)
2026-03-01 15:00:13,540 - INFO - 获取UP主信息进度: 1020/1241 (成功:1019, 失败:0)
2026-03-01 15:00:17,644 - INFO - 获取UP主信息进度: 1021/1241 (成功:1020, 失败:0)
2026-03-01 15:00:21,796 - INFO - 获取UP主信息进度: 1022/1241 (成功:1021, 失败:0)
2026-03-01 15:00:25,344 - INFO - 获取UP主信息进度: 1023/1241 (成功:1022, 失败:0)
2026-03-01 15:00:31,450 - INFO - 获取UP主信息进度: 1024/1241 (成功:1023, 失败:0)
2026-03-01 15:00:37,535 - INFO - 获取UP主信息进度: 1025/1241 (成功:1024, 失败:0)
2026-03-01 15:00:43,355 - INFO - 获取UP主信息进度: 1026/1241 (成功:1025, 失败:0)
2026-03-01 15:00:47,778 - INFO - 获取UP主信息进度: 1027/1241 (成功:1026, 失败:0)
2026-03-01 15:00:53,418 - INFO - 获取UP主信息进度: 1028/1241 (成功:1027, 失败:0)
2026-03-01 15:00:58,423 - INFO - 获取UP主信息进度: 1029/1241 (成功:1028, 失败:0)
2026-03-01 15:01:03,046 - INFO - 获取UP主信息进度: 1030/1241 (成功:1029, 失败:0)
2026-03-01 15:01:08,209 - INFO - 获取UP主信息进度: 1031/1241 (成功:1030, 失败:0)
2026-03-01 15:01:12,035 - INFO - 获取UP主信息进度: 1032/1241 (成功:1031, 失败:0)
2026-03-01 15:01:17,504 - INFO - 获取UP主信息进度: 1033/1241 (成功:1032, 失败:0)
2026-03-01 15:01:22,739 - INFO - 获取UP主信息进度: 1034/1241 (成功:1033, 失败:0)
2026-03-01 15:01:27,573 - INFO - 获取UP主信息进度: 1035/1241 (成功:1034, 失败:0)
2026-03-01 15:01:31,272 - INFO - 获取UP主信息进度: 1036/1241 (成功:1035, 失败:0)
2026-03-01 15:01:37,061 - INFO - 获取UP主信息进度: 1037/1241 (成功:1036, 失败:0)
2026-03-01 15:01:41,691 - INFO - 获取UP主信息进度: 1038/1241 (成功:1037, 失败:0)
2026-03-01 15:01:47,149 - INFO - 获取UP主信息进度: 1039/1241 (成功:1038, 失败:0)
2026-03-01 15:01:52,922 - INFO - 获取UP主信息进度: 1040/1241 (成功:1039, 失败:0)
2026-03-01 15:01:57,406 - INFO - 获取UP主信息进度: 1041/1241 (成功:1040, 失败:0)
2026-03-01 15:02:01,131 - INFO - 获取UP主信息进度: 1042/1241 (成功:1041, 失败:0)
2026-03-01 15:02:04,685 - INFO - 获取UP主信息进度: 1043/1241 (成功:1042, 失败:0)
2026-03-01 15:02:08,449 - INFO - 获取UP主信息进度: 1044/1241 (成功:1043, 失败:0)
2026-03-01 15:02:14,090 - INFO - 获取UP主信息进度: 1045/1241 (成功:1044, 失败:0)
2026-03-01 15:02:18,937 - INFO - 获取UP主信息进度: 1046/1241 (成功:1045, 失败:0)
2026-03-01 15:02:23,842 - INFO - 获取UP主信息进度: 1047/1241 (成功:1046, 失败:0)
2026-03-01 15:02:27,790 - INFO - 获取UP主信息进度: 1048/1241 (成功:1047, 失败:0)
2026-03-01 15:02:33,761 - INFO - 获取UP主信息进度: 1049/1241 (成功:1048, 失败:0)
2026-03-01 15:02:38,808 - INFO - 获取UP主信息进度: 1050/1241 (成功:1049, 失败:0)
2026-03-01 15:02:38,808 - INFO - 已完成1050个请求，休息12.1秒...
2026-03-01 15:02:54,368 - INFO - 获取UP主信息进度: 1051/1241 (成功:1050, 失败:0)
2026-03-01 15:02:57,811 - INFO - 获取UP主信息进度: 1052/1241 (成功:1051, 失败:0)
2026-03-01 15:03:02,946 - INFO - 获取UP主信息进度: 1053/1241 (成功:1052, 失败:0)
2026-03-01 15:03:08,273 - INFO - 获取UP主信息进度: 1054/1241 (成功:1053, 失败:0)
2026-03-01 15:03:12,418 - INFO - 获取UP主信息进度: 1055/1241 (成功:1054, 失败:0)
2026-03-01 15:03:16,374 - INFO - 获取UP主信息进度: 1056/1241 (成功:1055, 失败:0)
2026-03-01 15:03:19,667 - INFO - 获取UP主信息进度: 1057/1241 (成功:1056, 失败:0)
2026-03-01 15:03:23,585 - INFO - 获取UP主信息进度: 1058/1241 (成功:1057, 失败:0)
2026-03-01 15:03:27,112 - INFO - 获取UP主信息进度: 1059/1241 (成功:1058, 失败:0)
2026-03-01 15:03:30,602 - INFO - 获取UP主信息进度: 1060/1241 (成功:1059, 失败:0)
2026-03-01 15:03:33,751 - INFO - 获取UP主信息进度: 1061/1241 (成功:1060, 失败:0)
2026-03-01 15:03:38,663 - INFO - 获取UP主信息进度: 1062/1241 (成功:1061, 失败:0)
2026-03-01 15:03:43,517 - INFO - 获取UP主信息进度: 1063/1241 (成功:1062, 失败:0)
2026-03-01 15:03:47,563 - INFO - 获取UP主信息进度: 1064/1241 (成功:1063, 失败:0)
2026-03-01 15:03:51,962 - INFO - 获取UP主信息进度: 1065/1241 (成功:1064, 失败:0)
2026-03-01 15:03:57,373 - INFO - 获取UP主信息进度: 1066/1241 (成功:1065, 失败:0)
2026-03-01 15:04:01,491 - INFO - 获取UP主信息进度: 1067/1241 (成功:1066, 失败:0)
2026-03-01 15:04:05,426 - INFO - 获取UP主信息进度: 1068/1241 (成功:1067, 失败:0)
2026-03-01 15:04:08,966 - INFO - 获取UP主信息进度: 1069/1241 (成功:1068, 失败:0)
2026-03-01 15:04:13,173 - INFO - 获取UP主信息进度: 1070/1241 (成功:1069, 失败:0)
2026-03-01 15:04:18,934 - INFO - 获取UP主信息进度: 1071/1241 (成功:1070, 失败:0)
2026-03-01 15:04:23,928 - INFO - 获取UP主信息进度: 1072/1241 (成功:1071, 失败:0)
2026-03-01 15:04:27,325 - INFO - 获取UP主信息进度: 1073/1241 (成功:1072, 失败:0)
2026-03-01 15:04:31,474 - INFO - 获取UP主信息进度: 1074/1241 (成功:1073, 失败:0)
2026-03-01 15:04:36,639 - INFO - 获取UP主信息进度: 1075/1241 (成功:1074, 失败:0)
2026-03-01 15:04:40,138 - INFO - 获取UP主信息进度: 1076/1241 (成功:1075, 失败:0)
2026-03-01 15:04:44,327 - INFO - 获取UP主信息进度: 1077/1241 (成功:1076, 失败:0)
2026-03-01 15:04:50,360 - INFO - 获取UP主信息进度: 1078/1241 (成功:1077, 失败:0)
2026-03-01 15:04:56,471 - INFO - 获取UP主信息进度: 1079/1241 (成功:1078, 失败:0)
2026-03-01 15:05:02,206 - INFO - 获取UP主信息进度: 1080/1241 (成功:1079, 失败:0)
2026-03-01 15:05:06,321 - INFO - 获取UP主信息进度: 1081/1241 (成功:1080, 失败:0)
2026-03-01 15:05:09,616 - INFO - 获取UP主信息进度: 1082/1241 (成功:1081, 失败:0)
2026-03-01 15:05:15,326 - INFO - 获取UP主信息进度: 1083/1241 (成功:1082, 失败:0)
2026-03-01 15:05:20,492 - INFO - 获取UP主信息进度: 1084/1241 (成功:1083, 失败:0)
2026-03-01 15:05:25,759 - INFO - 获取UP主信息进度: 1085/1241 (成功:1084, 失败:0)
2026-03-01 15:05:30,215 - INFO - 获取UP主信息进度: 1086/1241 (成功:1085, 失败:0)
2026-03-01 15:05:33,753 - INFO - 获取UP主信息进度: 1087/1241 (成功:1086, 失败:0)
2026-03-01 15:05:38,879 - INFO - 获取UP主信息进度: 1088/1241 (成功:1087, 失败:0)
2026-03-01 15:05:44,183 - INFO - 获取UP主信息进度: 1089/1241 (成功:1088, 失败:0)
2026-03-01 15:05:47,811 - INFO - 获取UP主信息进度: 1090/1241 (成功:1089, 失败:0)
2026-03-01 15:05:53,085 - INFO - 获取UP主信息进度: 1091/1241 (成功:1090, 失败:0)
2026-03-01 15:05:57,294 - INFO - 获取UP主信息进度: 1092/1241 (成功:1091, 失败:0)
2026-03-01 15:06:01,553 - INFO - 获取UP主信息进度: 1093/1241 (成功:1092, 失败:0)
2026-03-01 15:06:06,671 - INFO - 获取UP主信息进度: 1094/1241 (成功:1093, 失败:0)
2026-03-01 15:06:10,377 - INFO - 获取UP主信息进度: 1095/1241 (成功:1094, 失败:0)
2026-03-01 15:06:13,639 - INFO - 获取UP主信息进度: 1096/1241 (成功:1095, 失败:0)
2026-03-01 15:06:17,067 - INFO - 获取UP主信息进度: 1097/1241 (成功:1096, 失败:0)
2026-03-01 15:06:22,793 - INFO - 获取UP主信息进度: 1098/1241 (成功:1097, 失败:0)
2026-03-01 15:06:28,249 - INFO - 获取UP主信息进度: 1099/1241 (成功:1098, 失败:0)
2026-03-01 15:06:31,800 - INFO - 获取UP主信息进度: 1100/1241 (成功:1099, 失败:0)
2026-03-01 15:06:31,800 - INFO - 已完成1100个请求，休息14.8秒...
2026-03-01 15:06:52,326 - INFO - 获取UP主信息进度: 1101/1241 (成功:1100, 失败:0)
2026-03-01 15:06:57,786 - INFO - 获取UP主信息进度: 1102/1241 (成功:1101, 失败:0)
2026-03-01 15:07:03,675 - INFO - 获取UP主信息进度: 1103/1241 (成功:1102, 失败:0)
2026-03-01 15:07:09,285 - INFO - 获取UP主信息进度: 1104/1241 (成功:1103, 失败:0)
2026-03-01 15:07:15,548 - INFO - 获取UP主信息进度: 1105/1241 (成功:1104, 失败:0)
2026-03-01 15:07:20,502 - INFO - 获取UP主信息进度: 1106/1241 (成功:1105, 失败:0)
2026-03-01 15:07:26,112 - INFO - 获取UP主信息进度: 1107/1241 (成功:1106, 失败:0)
2026-03-01 15:07:30,742 - INFO - 获取UP主信息进度: 1108/1241 (成功:1107, 失败:0)
2026-03-01 15:07:37,073 - INFO - 获取UP主信息进度: 1109/1241 (成功:1108, 失败:0)
2026-03-01 15:07:41,437 - INFO - 获取UP主信息进度: 1110/1241 (成功:1109, 失败:0)
2026-03-01 15:07:46,020 - INFO - 获取UP主信息进度: 1111/1241 (成功:1110, 失败:0)
2026-03-01 15:07:50,822 - INFO - 获取UP主信息进度: 1112/1241 (成功:1111, 失败:0)
2026-03-01 15:07:55,640 - INFO - 获取UP主信息进度: 1113/1241 (成功:1112, 失败:0)
2026-03-01 15:07:59,948 - INFO - 获取UP主信息进度: 1114/1241 (成功:1113, 失败:0)
2026-03-01 15:08:05,399 - INFO - 获取UP主信息进度: 1115/1241 (成功:1114, 失败:0)
2026-03-01 15:08:11,336 - INFO - 获取UP主信息进度: 1116/1241 (成功:1115, 失败:0)
2026-03-01 15:08:17,352 - INFO - 获取UP主信息进度: 1117/1241 (成功:1116, 失败:0)
2026-03-01 15:08:22,519 - INFO - 获取UP主信息进度: 1118/1241 (成功:1117, 失败:0)
2026-03-01 15:08:26,272 - INFO - 获取UP主信息进度: 1119/1241 (成功:1118, 失败:0)
2026-03-01 15:08:30,023 - INFO - 获取UP主信息进度: 1120/1241 (成功:1119, 失败:0)
2026-03-01 15:08:35,960 - INFO - 获取UP主信息进度: 1121/1241 (成功:1120, 失败:0)
2026-03-01 15:08:39,217 - INFO - 获取UP主信息进度: 1122/1241 (成功:1121, 失败:0)
2026-03-01 15:08:42,590 - INFO - 获取UP主信息进度: 1123/1241 (成功:1122, 失败:0)
2026-03-01 15:08:45,961 - INFO - 获取UP主信息进度: 1124/1241 (成功:1123, 失败:0)
2026-03-01 15:08:50,356 - INFO - 获取UP主信息进度: 1125/1241 (成功:1124, 失败:0)
2026-03-01 15:08:55,603 - INFO - 获取UP主信息进度: 1126/1241 (成功:1125, 失败:0)
2026-03-01 15:08:58,733 - INFO - 获取UP主信息进度: 1127/1241 (成功:1126, 失败:0)
2026-03-01 15:09:02,130 - INFO - 获取UP主信息进度: 1128/1241 (成功:1127, 失败:0)
2026-03-01 15:09:06,244 - INFO - 获取UP主信息进度: 1129/1241 (成功:1128, 失败:0)
2026-03-01 15:09:10,015 - INFO - 获取UP主信息进度: 1130/1241 (成功:1129, 失败:0)
2026-03-01 15:09:15,257 - INFO - 获取UP主信息进度: 1131/1241 (成功:1130, 失败:0)
2026-03-01 15:09:20,065 - INFO - 获取UP主信息进度: 1132/1241 (成功:1131, 失败:0)
2026-03-01 15:09:23,538 - INFO - 获取UP主信息进度: 1133/1241 (成功:1132, 失败:0)
2026-03-01 15:09:28,488 - INFO - 获取UP主信息进度: 1134/1241 (成功:1133, 失败:0)
2026-03-01 15:09:33,924 - INFO - 获取UP主信息进度: 1135/1241 (成功:1134, 失败:0)
2026-03-01 15:09:37,566 - INFO - 获取UP主信息进度: 1136/1241 (成功:1135, 失败:0)
2026-03-01 15:09:43,025 - INFO - 获取UP主信息进度: 1137/1241 (成功:1136, 失败:0)
2026-03-01 15:09:47,511 - INFO - 获取UP主信息进度: 1138/1241 (成功:1137, 失败:0)
2026-03-01 15:09:53,162 - INFO - 获取UP主信息进度: 1139/1241 (成功:1138, 失败:0)
2026-03-01 15:09:57,931 - INFO - 获取UP主信息进度: 1140/1241 (成功:1139, 失败:0)
2026-03-01 15:10:03,009 - INFO - 获取UP主信息进度: 1141/1241 (成功:1140, 失败:0)
2026-03-01 15:10:06,508 - INFO - 获取UP主信息进度: 1142/1241 (成功:1141, 失败:0)
2026-03-01 15:10:10,513 - INFO - 获取UP主信息进度: 1143/1241 (成功:1142, 失败:0)
2026-03-01 15:10:14,579 - INFO - 获取UP主信息进度: 1144/1241 (成功:1143, 失败:0)
2026-03-01 15:10:19,439 - INFO - 获取UP主信息进度: 1145/1241 (成功:1144, 失败:0)
2026-03-01 15:10:24,823 - INFO - 获取UP主信息进度: 1146/1241 (成功:1145, 失败:0)
2026-03-01 15:10:28,678 - INFO - 获取UP主信息进度: 1147/1241 (成功:1146, 失败:0)
2026-03-01 15:10:33,702 - INFO - 获取UP主信息进度: 1148/1241 (成功:1147, 失败:0)
2026-03-01 15:10:37,599 - INFO - 获取UP主信息进度: 1149/1241 (成功:1148, 失败:0)
2026-03-01 15:10:42,165 - INFO - 获取UP主信息进度: 1150/1241 (成功:1149, 失败:0)
2026-03-01 15:10:42,166 - INFO - 已完成1150个请求，休息11.9秒...
2026-03-01 15:10:59,458 - INFO - 获取UP主信息进度: 1151/1241 (成功:1150, 失败:0)
2026-03-01 15:11:03,784 - INFO - 获取UP主信息进度: 1152/1241 (成功:1151, 失败:0)
2026-03-01 15:11:08,430 - INFO - 获取UP主信息进度: 1153/1241 (成功:1152, 失败:0)
2026-03-01 15:11:12,922 - INFO - 获取UP主信息进度: 1154/1241 (成功:1153, 失败:0)
2026-03-01 15:11:18,487 - INFO - 获取UP主信息进度: 1155/1241 (成功:1154, 失败:0)
2026-03-01 15:11:23,611 - INFO - 获取UP主信息进度: 1156/1241 (成功:1155, 失败:0)
2026-03-01 15:11:29,114 - INFO - 获取UP主信息进度: 1157/1241 (成功:1156, 失败:0)
2026-03-01 15:11:34,370 - INFO - 获取UP主信息进度: 1158/1241 (成功:1157, 失败:0)
2026-03-01 15:11:37,960 - INFO - 获取UP主信息进度: 1159/1241 (成功:1158, 失败:0)
2026-03-01 15:11:41,359 - INFO - 获取UP主信息进度: 1160/1241 (成功:1159, 失败:0)
2026-03-01 15:11:45,140 - INFO - 获取UP主信息进度: 1161/1241 (成功:1160, 失败:0)
2026-03-01 15:11:48,392 - INFO - 获取UP主信息进度: 1162/1241 (成功:1161, 失败:0)
2026-03-01 15:11:53,174 - INFO - 获取UP主信息进度: 1163/1241 (成功:1162, 失败:0)
2026-03-01 15:11:58,706 - INFO - 获取UP主信息进度: 1164/1241 (成功:1163, 失败:0)
2026-03-01 15:12:03,265 - INFO - 获取UP主信息进度: 1165/1241 (成功:1164, 失败:0)
2026-03-01 15:12:07,125 - INFO - 获取UP主信息进度: 1166/1241 (成功:1165, 失败:0)
2026-03-01 15:12:10,862 - INFO - 获取UP主信息进度: 1167/1241 (成功:1166, 失败:0)
2026-03-01 15:12:16,117 - INFO - 获取UP主信息进度: 1168/1241 (成功:1167, 失败:0)
2026-03-01 15:12:21,504 - INFO - 获取UP主信息进度: 1169/1241 (成功:1168, 失败:0)
2026-03-01 15:12:26,069 - INFO - 获取UP主信息进度: 1170/1241 (成功:1169, 失败:0)
2026-03-01 15:12:29,614 - INFO - 获取UP主信息进度: 1171/1241 (成功:1170, 失败:0)
2026-03-01 15:12:35,284 - INFO - 获取UP主信息进度: 1172/1241 (成功:1171, 失败:0)
2026-03-01 15:12:38,743 - INFO - 获取UP主信息进度: 1173/1241 (成功:1172, 失败:0)
2026-03-01 15:12:43,060 - INFO - 获取UP主信息进度: 1174/1241 (成功:1173, 失败:0)
2026-03-01 15:12:46,450 - INFO - 获取UP主信息进度: 1175/1241 (成功:1174, 失败:0)
2026-03-01 15:12:52,111 - INFO - 获取UP主信息进度: 1176/1241 (成功:1175, 失败:0)
2026-03-01 15:12:56,906 - INFO - 获取UP主信息进度: 1177/1241 (成功:1176, 失败:0)
2026-03-01 15:13:00,905 - INFO - 获取UP主信息进度: 1178/1241 (成功:1177, 失败:0)
2026-03-01 15:13:04,702 - INFO - 获取UP主信息进度: 1179/1241 (成功:1178, 失败:0)
2026-03-01 15:13:10,668 - INFO - 获取UP主信息进度: 1180/1241 (成功:1179, 失败:0)
2026-03-01 15:13:15,903 - INFO - 获取UP主信息进度: 1181/1241 (成功:1180, 失败:0)
2026-03-01 15:13:22,006 - INFO - 获取UP主信息进度: 1182/1241 (成功:1181, 失败:0)
2026-03-01 15:13:26,753 - INFO - 获取UP主信息进度: 1183/1241 (成功:1182, 失败:0)
2026-03-01 15:13:32,798 - INFO - 获取UP主信息进度: 1184/1241 (成功:1183, 失败:0)
2026-03-01 15:13:37,989 - INFO - 获取UP主信息进度: 1185/1241 (成功:1184, 失败:0)
2026-03-01 15:13:43,752 - INFO - 获取UP主信息进度: 1186/1241 (成功:1185, 失败:0)
2026-03-01 15:13:47,963 - INFO - 获取UP主信息进度: 1187/1241 (成功:1186, 失败:0)
2026-03-01 15:13:51,609 - INFO - 获取UP主信息进度: 1188/1241 (成功:1187, 失败:0)
2026-03-01 15:13:56,468 - INFO - 获取UP主信息进度: 1189/1241 (成功:1188, 失败:0)
2026-03-01 15:14:01,811 - INFO - 获取UP主信息进度: 1190/1241 (成功:1189, 失败:0)
2026-03-01 15:14:05,772 - INFO - 获取UP主信息进度: 1191/1241 (成功:1190, 失败:0)
2026-03-01 15:14:09,813 - INFO - 获取UP主信息进度: 1192/1241 (成功:1191, 失败:0)
2026-03-01 15:14:14,947 - INFO - 获取UP主信息进度: 1193/1241 (成功:1192, 失败:0)
2026-03-01 15:14:19,152 - INFO - 获取UP主信息进度: 1194/1241 (成功:1193, 失败:0)
2026-03-01 15:14:23,790 - INFO - 获取UP主信息进度: 1195/1241 (成功:1194, 失败:0)
2026-03-01 15:14:28,089 - INFO - 获取UP主信息进度: 1196/1241 (成功:1195, 失败:0)
2026-03-01 15:14:32,216 - INFO - 获取UP主信息进度: 1197/1241 (成功:1196, 失败:0)
2026-03-01 15:14:37,389 - INFO - 获取UP主信息进度: 1198/1241 (成功:1197, 失败:0)
2026-03-01 15:14:42,166 - INFO - 获取UP主信息进度: 1199/1241 (成功:1198, 失败:0)
2026-03-01 15:14:48,236 - INFO - 获取UP主信息进度: 1200/1241 (成功:1199, 失败:0)
2026-03-01 15:14:48,236 - INFO - 已完成1200个请求，休息11.1秒...
2026-03-01 15:15:04,881 - INFO - 获取UP主信息进度: 1201/1241 (成功:1200, 失败:0)
2026-03-01 15:15:09,329 - INFO - 获取UP主信息进度: 1202/1241 (成功:1201, 失败:0)
2026-03-01 15:15:14,281 - INFO - 获取UP主信息进度: 1203/1241 (成功:1202, 失败:0)
2026-03-01 15:15:18,793 - INFO - 获取UP主信息进度: 1204/1241 (成功:1203, 失败:0)
2026-03-01 15:15:24,604 - INFO - 获取UP主信息进度: 1205/1241 (成功:1204, 失败:0)
2026-03-01 15:15:30,456 - INFO - 获取UP主信息进度: 1206/1241 (成功:1205, 失败:0)
2026-03-01 15:15:34,192 - INFO - 获取UP主信息进度: 1207/1241 (成功:1206, 失败:0)
2026-03-01 15:15:39,995 - INFO - 获取UP主信息进度: 1208/1241 (成功:1207, 失败:0)
2026-03-01 15:15:44,099 - INFO - 获取UP主信息进度: 1209/1241 (成功:1208, 失败:0)
2026-03-01 15:15:47,977 - INFO - 获取UP主信息进度: 1210/1241 (成功:1209, 失败:0)
2026-03-01 15:15:52,068 - INFO - 获取UP主信息进度: 1211/1241 (成功:1210, 失败:0)
2026-03-01 15:15:57,242 - INFO - 获取UP主信息进度: 1212/1241 (成功:1211, 失败:0)
2026-03-01 15:16:00,844 - INFO - 获取UP主信息进度: 1213/1241 (成功:1212, 失败:0)
2026-03-01 15:16:06,912 - INFO - 获取UP主信息进度: 1214/1241 (成功:1213, 失败:0)
2026-03-01 15:16:11,078 - INFO - 获取UP主信息进度: 1215/1241 (成功:1214, 失败:0)
2026-03-01 15:16:16,767 - INFO - 获取UP主信息进度: 1216/1241 (成功:1215, 失败:0)
2026-03-01 15:16:20,006 - INFO - 获取UP主信息进度: 1217/1241 (成功:1216, 失败:0)
2026-03-01 15:16:23,905 - INFO - 获取UP主信息进度: 1218/1241 (成功:1217, 失败:0)
2026-03-01 15:16:28,898 - INFO - 获取UP主信息进度: 1219/1241 (成功:1218, 失败:0)
2026-03-01 15:16:32,267 - INFO - 获取UP主信息进度: 1220/1241 (成功:1219, 失败:0)
2026-03-01 15:16:36,213 - INFO - 获取UP主信息进度: 1221/1241 (成功:1220, 失败:0)
2026-03-01 15:16:41,128 - INFO - 获取UP主信息进度: 1222/1241 (成功:1221, 失败:0)
2026-03-01 15:16:45,294 - INFO - 获取UP主信息进度: 1223/1241 (成功:1222, 失败:0)
2026-03-01 15:16:49,330 - INFO - 获取UP主信息进度: 1224/1241 (成功:1223, 失败:0)
2026-03-01 15:16:53,798 - INFO - 获取UP主信息进度: 1225/1241 (成功:1224, 失败:0)
2026-03-01 15:16:56,984 - INFO - 获取UP主信息进度: 1226/1241 (成功:1225, 失败:0)
2026-03-01 15:17:02,910 - INFO - 获取UP主信息进度: 1227/1241 (成功:1226, 失败:0)
2026-03-01 15:17:08,382 - INFO - 获取UP主信息进度: 1228/1241 (成功:1227, 失败:0)
2026-03-01 15:17:12,670 - INFO - 获取UP主信息进度: 1229/1241 (成功:1228, 失败:0)
2026-03-01 15:17:17,254 - INFO - 获取UP主信息进度: 1230/1241 (成功:1229, 失败:0)
2026-03-01 15:17:21,188 - INFO - 获取UP主信息进度: 1231/1241 (成功:1230, 失败:0)
2026-03-01 15:17:25,089 - INFO - 获取UP主信息进度: 1232/1241 (成功:1231, 失败:0)
2026-03-01 15:17:29,684 - INFO - 获取UP主信息进度: 1233/1241 (成功:1232, 失败:0)
2026-03-01 15:17:33,722 - INFO - 获取UP主信息进度: 1234/1241 (成功:1233, 失败:0)
2026-03-01 15:17:39,524 - INFO - 获取UP主信息进度: 1235/1241 (成功:1234, 失败:0)
2026-03-01 15:17:42,727 - INFO - 获取UP主信息进度: 1236/1241 (成功:1235, 失败:0)
2026-03-01 15:17:48,215 - INFO - 获取UP主信息进度: 1237/1241 (成功:1236, 失败:0)
2026-03-01 15:17:53,136 - INFO - 获取UP主信息进度: 1238/1241 (成功:1237, 失败:0)
2026-03-01 15:17:57,723 - INFO - 获取UP主信息进度: 1239/1241 (成功:1238, 失败:0)
2026-03-01 15:18:01,542 - INFO - 获取UP主信息进度: 1240/1241 (成功:1239, 失败:0)
2026-03-01 15:18:04,899 - INFO - 获取UP主信息进度: 1241/1241 (成功:1240, 失败:0)
2026-03-01 15:18:10,966 - INFO - UP主信息获取完成: 成功1241/1241
2026-03-01 15:18:11,004 - INFO - 中间数据已保存: bilibili_videos_intermediate.json
2026-03-01 15:18:11,016 - INFO - 总视频数: 1254
2026-03-01 15:18:11,017 - INFO - 涉及UP主数: 1241
2026-03-01 15:18:11,017 - INFO - 涉及分区数: 79
2026-03-01 15:18:11,018 - INFO - 播放量 - 最小: 30,156, 最大: 62,932,863, 平均: 2,043,368
2026-03-01 15:18:11,047 - INFO - ✅ CSV已保存: bilibili_videos_data.csv
2026-03-01 15:18:11,060 - INFO - ✅ JSON已保存: bilibili_videos_data.json
2026-03-01 15:18:11,880 - INFO - ✅ Excel已保存: bilibili_videos_data.xlsx
2026-03-01 15:18:11,880 - INFO - 爬虫任务全部完成！
2026-03-01 15:48:30,936 - INFO - B站视频数据爬虫系统 v2.0
2026-03-01 15:48:31,257 - INFO - Wbi密钥初始化成功
2026-03-01 15:48:32,630 - INFO - 加载了1254条视频数据
2026-03-01 15:48:32,644 - INFO - 总视频数: 1254
2026-03-01 15:48:32,645 - INFO - 涉及UP主数: 1241
2026-03-01 15:48:32,646 - INFO - 涉及分区数: 79
2026-03-01 15:48:32,646 - INFO - 播放量 - 最小: 30,156, 最大: 62,932,863, 平均: 2,043,368
2026-03-01 15:48:32,675 - INFO - ✅ CSV已保存: bilibili_videos_data.csv
2026-03-01 15:48:32,687 - INFO - ✅ JSON已保存: bilibili_videos_data.json
2026-03-01 15:48:33,521 - INFO - ✅ Excel已保存: bilibili_videos_data.xlsx
2026-03-01 15:48:33,521 - INFO - 爬虫任务全部完成！
